CRITICAL - 2023-04-06 02:13:17 --> Invalid file: V_insertData.php
in SYSTEMPATH\Exceptions\FrameworkException.php on line 33.
 1 SYSTEMPATH\View\View.php(201): CodeIgniter\Exceptions\FrameworkException::forInvalidFile('V_insertData.php')
 2 SYSTEMPATH\Common.php(1134): CodeIgniter\View\View->render('V_insertData', [], true)
 3 APPPATH\Controllers\Data.php(31): view('V_insertData')
 4 SYSTEMPATH\CodeIgniter.php(927): App\Controllers\Data->insertData()
 5 SYSTEMPATH\CodeIgniter.php(482): CodeIgniter\CodeIgniter->runController(Object(App\Controllers\Data))
 6 SYSTEMPATH\CodeIgniter.php(351): CodeIgniter\CodeIgniter->handleRequest(null, Object(Config\Cache), false)
 7 FCPATH\index.php(67): CodeIgniter\CodeIgniter->run()
 8 SYSTEMPATH\Commands\Server\rewrite.php(46): require_once('FCPATH\\index.php')
CRITICAL - 2023-04-06 02:13:18 --> Invalid file: V_insertData.php
in SYSTEMPATH\Exceptions\FrameworkException.php on line 33.
 1 SYSTEMPATH\View\View.php(201): CodeIgniter\Exceptions\FrameworkException::forInvalidFile('V_insertData.php')
 2 SYSTEMPATH\Common.php(1134): CodeIgniter\View\View->render('V_insertData', [], true)
 3 APPPATH\Controllers\Data.php(31): view('V_insertData')
 4 SYSTEMPATH\CodeIgniter.php(927): App\Controllers\Data->insertData()
 5 SYSTEMPATH\CodeIgniter.php(482): CodeIgniter\CodeIgniter->runController(Object(App\Controllers\Data))
 6 SYSTEMPATH\CodeIgniter.php(351): CodeIgniter\CodeIgniter->handleRequest(null, Object(Config\Cache), false)
 7 FCPATH\index.php(67): CodeIgniter\CodeIgniter->run()
 8 SYSTEMPATH\Commands\Server\rewrite.php(46): require_once('FCPATH\\index.php')
CRITICAL - 2023-04-06 02:13:56 --> Invalid file: V_insertData.php
in SYSTEMPATH\Exceptions\FrameworkException.php on line 33.
 1 SYSTEMPATH\View\View.php(201): CodeIgniter\Exceptions\FrameworkException::forInvalidFile('V_insertData.php')
 2 SYSTEMPATH\Common.php(1134): CodeIgniter\View\View->render('V_insertData', [], true)
 3 APPPATH\Controllers\Data.php(31): view('V_insertData')
 4 SYSTEMPATH\CodeIgniter.php(927): App\Controllers\Data->insertData()
 5 SYSTEMPATH\CodeIgniter.php(482): CodeIgniter\CodeIgniter->runController(Object(App\Controllers\Data))
 6 SYSTEMPATH\CodeIgniter.php(351): CodeIgniter\CodeIgniter->handleRequest(null, Object(Config\Cache), false)
 7 FCPATH\index.php(67): CodeIgniter\CodeIgniter->run()
 8 SYSTEMPATH\Commands\Server\rewrite.php(46): require_once('FCPATH\\index.php')
CRITICAL - 2023-04-06 02:13:57 --> Invalid file: V_insertData.php
in SYSTEMPATH\Exceptions\FrameworkException.php on line 33.
 1 SYSTEMPATH\View\View.php(201): CodeIgniter\Exceptions\FrameworkException::forInvalidFile('V_insertData.php')
 2 SYSTEMPATH\Common.php(1134): CodeIgniter\View\View->render('V_insertData', [], true)
 3 APPPATH\Controllers\Data.php(31): view('V_insertData')
 4 SYSTEMPATH\CodeIgniter.php(927): App\Controllers\Data->insertData()
 5 SYSTEMPATH\CodeIgniter.php(482): CodeIgniter\CodeIgniter->runController(Object(App\Controllers\Data))
 6 SYSTEMPATH\CodeIgniter.php(351): CodeIgniter\CodeIgniter->handleRequest(null, Object(Config\Cache), false)
 7 FCPATH\index.php(67): CodeIgniter\CodeIgniter->run()
 8 SYSTEMPATH\Commands\Server\rewrite.php(46): require_once('FCPATH\\index.php')
CRITICAL - 2023-04-06 02:16:20 --> Invalid file: V_insertData.php
in SYSTEMPATH\Exceptions\FrameworkException.php on line 33.
 1 SYSTEMPATH\View\View.php(201): CodeIgniter\Exceptions\FrameworkException::forInvalidFile('V_insertData.php')
 2 SYSTEMPATH\Common.php(1134): CodeIgniter\View\View->render('V_insertData', [], true)
 3 APPPATH\Controllers\Data.php(33): view('V_insertData')
 4 SYSTEMPATH\CodeIgniter.php(927): App\Controllers\Data->insertData()
 5 SYSTEMPATH\CodeIgniter.php(482): CodeIgniter\CodeIgniter->runController(Object(App\Controllers\Data))
 6 SYSTEMPATH\CodeIgniter.php(351): CodeIgniter\CodeIgniter->handleRequest(null, Object(Config\Cache), false)
 7 FCPATH\index.php(67): CodeIgniter\CodeIgniter->run()
 8 SYSTEMPATH\Commands\Server\rewrite.php(46): require_once('FCPATH\\index.php')
CRITICAL - 2023-04-06 02:16:21 --> Invalid file: V_insertData.php
in SYSTEMPATH\Exceptions\FrameworkException.php on line 33.
 1 SYSTEMPATH\View\View.php(201): CodeIgniter\Exceptions\FrameworkException::forInvalidFile('V_insertData.php')
 2 SYSTEMPATH\Common.php(1134): CodeIgniter\View\View->render('V_insertData', [], true)
 3 APPPATH\Controllers\Data.php(33): view('V_insertData')
 4 SYSTEMPATH\CodeIgniter.php(927): App\Controllers\Data->insertData()
 5 SYSTEMPATH\CodeIgniter.php(482): CodeIgniter\CodeIgniter->runController(Object(App\Controllers\Data))
 6 SYSTEMPATH\CodeIgniter.php(351): CodeIgniter\CodeIgniter->handleRequest(null, Object(Config\Cache), false)
 7 FCPATH\index.php(67): CodeIgniter\CodeIgniter->run()
 8 SYSTEMPATH\Commands\Server\rewrite.php(46): require_once('FCPATH\\index.php')
CRITICAL - 2023-04-06 02:19:51 --> Invalid file: V_insertDataFitrah.php
in SYSTEMPATH\Exceptions\FrameworkException.php on line 33.
 1 SYSTEMPATH\View\View.php(201): CodeIgniter\Exceptions\FrameworkException::forInvalidFile('V_insertDataFitrah.php')
 2 SYSTEMPATH\Common.php(1134): CodeIgniter\View\View->render('V_insertDataFitrah', [], true)
 3 APPPATH\Controllers\Data.php(33): view('V_insertDataFitrah')
 4 SYSTEMPATH\CodeIgniter.php(927): App\Controllers\Data->insertData()
 5 SYSTEMPATH\CodeIgniter.php(482): CodeIgniter\CodeIgniter->runController(Object(App\Controllers\Data))
 6 SYSTEMPATH\CodeIgniter.php(351): CodeIgniter\CodeIgniter->handleRequest(null, Object(Config\Cache), false)
 7 FCPATH\index.php(67): CodeIgniter\CodeIgniter->run()
 8 SYSTEMPATH\Commands\Server\rewrite.php(46): require_once('FCPATH\\index.php')
CRITICAL - 2023-04-06 02:19:52 --> Invalid file: V_insertDataFitrah.php
in SYSTEMPATH\Exceptions\FrameworkException.php on line 33.
 1 SYSTEMPATH\View\View.php(201): CodeIgniter\Exceptions\FrameworkException::forInvalidFile('V_insertDataFitrah.php')
 2 SYSTEMPATH\Common.php(1134): CodeIgniter\View\View->render('V_insertDataFitrah', [], true)
 3 APPPATH\Controllers\Data.php(33): view('V_insertDataFitrah')
 4 SYSTEMPATH\CodeIgniter.php(927): App\Controllers\Data->insertData()
 5 SYSTEMPATH\CodeIgniter.php(482): CodeIgniter\CodeIgniter->runController(Object(App\Controllers\Data))
 6 SYSTEMPATH\CodeIgniter.php(351): CodeIgniter\CodeIgniter->handleRequest(null, Object(Config\Cache), false)
 7 FCPATH\index.php(67): CodeIgniter\CodeIgniter->run()
 8 SYSTEMPATH\Commands\Server\rewrite.php(46): require_once('FCPATH\\index.php')
CRITICAL - 2023-04-06 02:21:29 --> Invalid file: V_showData.php
in SYSTEMPATH\Exceptions\FrameworkException.php on line 33.
 1 SYSTEMPATH\View\View.php(201): CodeIgniter\Exceptions\FrameworkException::forInvalidFile('V_showData.php')
 2 SYSTEMPATH\Common.php(1134): CodeIgniter\View\View->render('V_showData', [], true)
 3 APPPATH\Controllers\Data.php(28): view('V_showData', [...])
 4 SYSTEMPATH\CodeIgniter.php(927): App\Controllers\Data->index()
 5 SYSTEMPATH\CodeIgniter.php(482): CodeIgniter\CodeIgniter->runController(Object(App\Controllers\Data))
 6 SYSTEMPATH\CodeIgniter.php(351): CodeIgniter\CodeIgniter->handleRequest(null, Object(Config\Cache), false)
 7 FCPATH\index.php(67): CodeIgniter\CodeIgniter->run()
 8 SYSTEMPATH\Commands\Server\rewrite.php(46): require_once('FCPATH\\index.php')
CRITICAL - 2023-04-06 02:38:36 --> Invalid file: V_insertDataFitrah.php
in SYSTEMPATH\Exceptions\FrameworkException.php on line 33.
 1 SYSTEMPATH\View\View.php(201): CodeIgniter\Exceptions\FrameworkException::forInvalidFile('V_insertDataFitrah.php')
 2 SYSTEMPATH\Common.php(1134): CodeIgniter\View\View->render('V_insertDataFitrah', [], true)
 3 APPPATH\Controllers\Data.php(33): view('V_insertDataFitrah')
 4 SYSTEMPATH\CodeIgniter.php(927): App\Controllers\Data->insertDataFitrah()
 5 SYSTEMPATH\CodeIgniter.php(482): CodeIgniter\CodeIgniter->runController(Object(App\Controllers\Data))
 6 SYSTEMPATH\CodeIgniter.php(351): CodeIgniter\CodeIgniter->handleRequest(null, Object(Config\Cache), false)
 7 FCPATH\index.php(67): CodeIgniter\CodeIgniter->run()
 8 SYSTEMPATH\Commands\Server\rewrite.php(46): require_once('FCPATH\\index.php')
CRITICAL - 2023-04-06 02:38:50 --> Invalid file: V_insertDataFitrah.php
in SYSTEMPATH\Exceptions\FrameworkException.php on line 33.
 1 SYSTEMPATH\View\View.php(201): CodeIgniter\Exceptions\FrameworkException::forInvalidFile('V_insertDataFitrah.php')
 2 SYSTEMPATH\Common.php(1134): CodeIgniter\View\View->render('V_insertDataFitrah', [], true)
 3 APPPATH\Controllers\Data.php(33): view('V_insertDataFitrah')
 4 SYSTEMPATH\CodeIgniter.php(927): App\Controllers\Data->insertDataFitrah()
 5 SYSTEMPATH\CodeIgniter.php(482): CodeIgniter\CodeIgniter->runController(Object(App\Controllers\Data))
 6 SYSTEMPATH\CodeIgniter.php(351): CodeIgniter\CodeIgniter->handleRequest(null, Object(Config\Cache), false)
 7 FCPATH\index.php(67): CodeIgniter\CodeIgniter->run()
 8 SYSTEMPATH\Commands\Server\rewrite.php(46): require_once('FCPATH\\index.php')
