ERROR - 2023-04-07 02:41:06 --> mysqli_sql_exception: Column 'jumlah_jiwa' cannot be null in C:\Users\TedJhon\Downloads\Zakat-Uts\system\Database\MySQLi\Connection.php:292
Stack trace:
#0 C:\Users\TedJhon\Downloads\Zakat-Uts\system\Database\MySQLi\Connection.php(292): mysqli->query('INSERT INTO `tb...', 0)
#1 C:\Users\TedJhon\Downloads\Zakat-Uts\system\Database\BaseConnection.php(666): CodeIgniter\Database\MySQLi\Connection->execute('INSERT INTO `tb...')
#2 C:\Users\TedJhon\Downloads\Zakat-Uts\system\Database\BaseConnection.php(593): CodeIgniter\Database\BaseConnection->simpleQuery('INSERT INTO `tb...')
#3 C:\Users\TedJhon\Downloads\Zakat-Uts\system\Database\BaseBuilder.php(1916): CodeIgniter\Database\BaseConnection->query('INSERT INTO `tb...', Array, false)
#4 C:\Users\TedJhon\Downloads\Zakat-Uts\app\Models\MData.php(16): CodeIgniter\Database\BaseBuilder->insert(Array)
#5 C:\Users\TedJhon\Downloads\Zakat-Uts\app\Controllers\Data.php(46): App\Models\MData->saveDataFitrah(Array)
#6 C:\Users\TedJhon\Downloads\Zakat-Uts\system\CodeIgniter.php(927): App\Controllers\Data->saveDataFitrah()
#7 C:\Users\TedJhon\Downloads\Zakat-Uts\system\CodeIgniter.php(482): CodeIgniter\CodeIgniter->runController(Object(App\Controllers\Data))
#8 C:\Users\TedJhon\Downloads\Zakat-Uts\system\CodeIgniter.php(351): CodeIgniter\CodeIgniter->handleRequest(NULL, Object(Config\Cache), false)
#9 C:\Users\TedJhon\Downloads\Zakat-Uts\public\index.php(67): CodeIgniter\CodeIgniter->run()
#10 C:\Users\TedJhon\Downloads\Zakat-Uts\system\Commands\Server\rewrite.php(46): require_once('C:\\Users\\TedJho...')
#11 {main}
CRITICAL - 2023-04-07 02:41:06 --> Column 'jumlah_jiwa' cannot be null
in SYSTEMPATH\Database\MySQLi\Connection.php on line 292.
 1 SYSTEMPATH\Database\MySQLi\Connection.php(292): mysqli->query('INSERT INTO `tbl_fitrah` (`nik`, `keluarga`, `no_hp`, `jenis_zakat`, `jumlah_jiwa`, `nominal`) VALUES (\'01\', \'scnjsnc\', \'+6281517943306\', \'zakat_fitrah\', NULL, \'270000\')', 0)
 2 SYSTEMPATH\Database\BaseConnection.php(666): CodeIgniter\Database\MySQLi\Connection->execute('INSERT INTO `tbl_fitrah` (`nik`, `keluarga`, `no_hp`, `jenis_zakat`, `jumlah_jiwa`, `nominal`) VALUES (\'01\', \'scnjsnc\', \'+6281517943306\', \'zakat_fitrah\', NULL, \'270000\')')
 3 SYSTEMPATH\Database\BaseConnection.php(593): CodeIgniter\Database\BaseConnection->simpleQuery('INSERT INTO `tbl_fitrah` (`nik`, `keluarga`, `no_hp`, `jenis_zakat`, `jumlah_jiwa`, `nominal`) VALUES (\'01\', \'scnjsnc\', \'+6281517943306\', \'zakat_fitrah\', NULL, \'270000\')')
 4 SYSTEMPATH\Database\BaseBuilder.php(1916): CodeIgniter\Database\BaseConnection->query('INSERT INTO `tbl_fitrah` (`nik`, `keluarga`, `no_hp`, `jenis_zakat`, `jumlah_jiwa`, `nominal`) VALUES (:nik:, :keluarga:, :no_hp:, :jenis_zakat:, :jumlah_jiwa:, :nominal:)', [...], false)
 5 APPPATH\Models\MData.php(16): CodeIgniter\Database\BaseBuilder->insert([...])
 6 APPPATH\Controllers\Data.php(46): App\Models\MData->saveDataFitrah([...])
 7 SYSTEMPATH\CodeIgniter.php(927): App\Controllers\Data->saveDataFitrah()
 8 SYSTEMPATH\CodeIgniter.php(482): CodeIgniter\CodeIgniter->runController(Object(App\Controllers\Data))
 9 SYSTEMPATH\CodeIgniter.php(351): CodeIgniter\CodeIgniter->handleRequest(null, Object(Config\Cache), false)
10 FCPATH\index.php(67): CodeIgniter\CodeIgniter->run()
11 SYSTEMPATH\Commands\Server\rewrite.php(46): require_once('FCPATH\\index.php')
ERROR - 2023-04-07 02:46:04 --> mysqli_sql_exception: Duplicate entry '1' for key 'PRIMARY' in C:\Users\TedJhon\Downloads\Zakat-Uts\system\Database\MySQLi\Connection.php:292
Stack trace:
#0 C:\Users\TedJhon\Downloads\Zakat-Uts\system\Database\MySQLi\Connection.php(292): mysqli->query('INSERT INTO `tb...', 0)
#1 C:\Users\TedJhon\Downloads\Zakat-Uts\system\Database\BaseConnection.php(666): CodeIgniter\Database\MySQLi\Connection->execute('INSERT INTO `tb...')
#2 C:\Users\TedJhon\Downloads\Zakat-Uts\system\Database\BaseConnection.php(593): CodeIgniter\Database\BaseConnection->simpleQuery('INSERT INTO `tb...')
#3 C:\Users\TedJhon\Downloads\Zakat-Uts\system\Database\BaseBuilder.php(1916): CodeIgniter\Database\BaseConnection->query('INSERT INTO `tb...', Array, false)
#4 C:\Users\TedJhon\Downloads\Zakat-Uts\app\Models\MData.php(16): CodeIgniter\Database\BaseBuilder->insert(Array)
#5 C:\Users\TedJhon\Downloads\Zakat-Uts\app\Controllers\Data.php(46): App\Models\MData->saveDataFitrah(Array)
#6 C:\Users\TedJhon\Downloads\Zakat-Uts\system\CodeIgniter.php(927): App\Controllers\Data->saveDataFitrah()
#7 C:\Users\TedJhon\Downloads\Zakat-Uts\system\CodeIgniter.php(482): CodeIgniter\CodeIgniter->runController(Object(App\Controllers\Data))
#8 C:\Users\TedJhon\Downloads\Zakat-Uts\system\CodeIgniter.php(351): CodeIgniter\CodeIgniter->handleRequest(NULL, Object(Config\Cache), false)
#9 C:\Users\TedJhon\Downloads\Zakat-Uts\public\index.php(67): CodeIgniter\CodeIgniter->run()
#10 C:\Users\TedJhon\Downloads\Zakat-Uts\system\Commands\Server\rewrite.php(46): require_once('C:\\Users\\TedJho...')
#11 {main}
CRITICAL - 2023-04-07 02:46:04 --> Duplicate entry '1' for key 'PRIMARY'
in SYSTEMPATH\Database\MySQLi\Connection.php on line 292.
 1 SYSTEMPATH\Database\MySQLi\Connection.php(292): mysqli->query('INSERT INTO `tbl_fitrah` (`nik`, `keluarga`, `no_hp`, `jenis_zakat`, `jumlah_jiwa`, `nominal`) VALUES (\'01\', \'scnjsnc\', \'+6281517943306\', \'zakat_fitrah\', \'1\', \'270000\')', 0)
 2 SYSTEMPATH\Database\BaseConnection.php(666): CodeIgniter\Database\MySQLi\Connection->execute('INSERT INTO `tbl_fitrah` (`nik`, `keluarga`, `no_hp`, `jenis_zakat`, `jumlah_jiwa`, `nominal`) VALUES (\'01\', \'scnjsnc\', \'+6281517943306\', \'zakat_fitrah\', \'1\', \'270000\')')
 3 SYSTEMPATH\Database\BaseConnection.php(593): CodeIgniter\Database\BaseConnection->simpleQuery('INSERT INTO `tbl_fitrah` (`nik`, `keluarga`, `no_hp`, `jenis_zakat`, `jumlah_jiwa`, `nominal`) VALUES (\'01\', \'scnjsnc\', \'+6281517943306\', \'zakat_fitrah\', \'1\', \'270000\')')
 4 SYSTEMPATH\Database\BaseBuilder.php(1916): CodeIgniter\Database\BaseConnection->query('INSERT INTO `tbl_fitrah` (`nik`, `keluarga`, `no_hp`, `jenis_zakat`, `jumlah_jiwa`, `nominal`) VALUES (:nik:, :keluarga:, :no_hp:, :jenis_zakat:, :jumlah_jiwa:, :nominal:)', [...], false)
 5 APPPATH\Models\MData.php(16): CodeIgniter\Database\BaseBuilder->insert([...])
 6 APPPATH\Controllers\Data.php(46): App\Models\MData->saveDataFitrah([...])
 7 SYSTEMPATH\CodeIgniter.php(927): App\Controllers\Data->saveDataFitrah()
 8 SYSTEMPATH\CodeIgniter.php(482): CodeIgniter\CodeIgniter->runController(Object(App\Controllers\Data))
 9 SYSTEMPATH\CodeIgniter.php(351): CodeIgniter\CodeIgniter->handleRequest(null, Object(Config\Cache), false)
10 FCPATH\index.php(67): CodeIgniter\CodeIgniter->run()
11 SYSTEMPATH\Commands\Server\rewrite.php(46): require_once('FCPATH\\index.php')
CRITICAL - 2023-04-07 02:48:40 --> Creation of dynamic property App\Controllers\Data::$tbl_mal is deprecated
in APPPATH\Controllers\Data.php on line 17.
 1 APPPATH\Controllers\Data.php(17): CodeIgniter\Debug\Exceptions->errorHandler(8192, 'Creation of dynamic property App\\Controllers\\Data::$tbl_mal is deprecated', 'APPPATH\\Controllers\\Data.php', 17)
 2 SYSTEMPATH\CodeIgniter.php(889): App\Controllers\Data->__construct()
 3 SYSTEMPATH\CodeIgniter.php(473): CodeIgniter\CodeIgniter->createController()
 4 SYSTEMPATH\CodeIgniter.php(351): CodeIgniter\CodeIgniter->handleRequest(null, Object(Config\Cache), false)
 5 FCPATH\index.php(67): CodeIgniter\CodeIgniter->run()
 6 SYSTEMPATH\Commands\Server\rewrite.php(46): require_once('FCPATH\\index.php')
CRITICAL - 2023-04-07 02:49:13 --> Creation of dynamic property App\Controllers\Data::$tbl_fitrah is deprecated
in APPPATH\Controllers\Data.php on line 16.
 1 APPPATH\Controllers\Data.php(16): CodeIgniter\Debug\Exceptions->errorHandler(8192, 'Creation of dynamic property App\\Controllers\\Data::$tbl_fitrah is deprecated', 'APPPATH\\Controllers\\Data.php', 16)
 2 SYSTEMPATH\CodeIgniter.php(889): App\Controllers\Data->__construct()
 3 SYSTEMPATH\CodeIgniter.php(473): CodeIgniter\CodeIgniter->createController()
 4 SYSTEMPATH\CodeIgniter.php(351): CodeIgniter\CodeIgniter->handleRequest(null, Object(Config\Cache), false)
 5 FCPATH\index.php(67): CodeIgniter\CodeIgniter->run()
 6 SYSTEMPATH\Commands\Server\rewrite.php(46): require_once('FCPATH\\index.php')
ERROR - 2023-04-07 02:49:34 --> mysqli_sql_exception: Duplicate entry '1' for key 'PRIMARY' in C:\Users\TedJhon\Downloads\Zakat-Uts\system\Database\MySQLi\Connection.php:292
Stack trace:
#0 C:\Users\TedJhon\Downloads\Zakat-Uts\system\Database\MySQLi\Connection.php(292): mysqli->query('INSERT INTO `tb...', 0)
#1 C:\Users\TedJhon\Downloads\Zakat-Uts\system\Database\BaseConnection.php(666): CodeIgniter\Database\MySQLi\Connection->execute('INSERT INTO `tb...')
#2 C:\Users\TedJhon\Downloads\Zakat-Uts\system\Database\BaseConnection.php(593): CodeIgniter\Database\BaseConnection->simpleQuery('INSERT INTO `tb...')
#3 C:\Users\TedJhon\Downloads\Zakat-Uts\system\Database\BaseBuilder.php(1916): CodeIgniter\Database\BaseConnection->query('INSERT INTO `tb...', Array, false)
#4 C:\Users\TedJhon\Downloads\Zakat-Uts\app\Models\MData.php(16): CodeIgniter\Database\BaseBuilder->insert(Array)
#5 C:\Users\TedJhon\Downloads\Zakat-Uts\app\Controllers\Data.php(47): App\Models\MData->saveDataFitrah(Array)
#6 C:\Users\TedJhon\Downloads\Zakat-Uts\system\CodeIgniter.php(927): App\Controllers\Data->saveDataFitrah()
#7 C:\Users\TedJhon\Downloads\Zakat-Uts\system\CodeIgniter.php(482): CodeIgniter\CodeIgniter->runController(Object(App\Controllers\Data))
#8 C:\Users\TedJhon\Downloads\Zakat-Uts\system\CodeIgniter.php(351): CodeIgniter\CodeIgniter->handleRequest(NULL, Object(Config\Cache), false)
#9 C:\Users\TedJhon\Downloads\Zakat-Uts\public\index.php(67): CodeIgniter\CodeIgniter->run()
#10 C:\Users\TedJhon\Downloads\Zakat-Uts\system\Commands\Server\rewrite.php(46): require_once('C:\\Users\\TedJho...')
#11 {main}
CRITICAL - 2023-04-07 02:49:34 --> Duplicate entry '1' for key 'PRIMARY'
in SYSTEMPATH\Database\MySQLi\Connection.php on line 292.
 1 SYSTEMPATH\Database\MySQLi\Connection.php(292): mysqli->query('INSERT INTO `tbl_fitrah` (`nik`, `keluarga`, `no_hp`, `jenis_zakat`, `jumlah_jiwa`, `nominal`) VALUES (\'01\', \'scnjsnc\', \'+6281517943306\', \'zakat_fitrah\', \'1\', \'270000\')', 0)
 2 SYSTEMPATH\Database\BaseConnection.php(666): CodeIgniter\Database\MySQLi\Connection->execute('INSERT INTO `tbl_fitrah` (`nik`, `keluarga`, `no_hp`, `jenis_zakat`, `jumlah_jiwa`, `nominal`) VALUES (\'01\', \'scnjsnc\', \'+6281517943306\', \'zakat_fitrah\', \'1\', \'270000\')')
 3 SYSTEMPATH\Database\BaseConnection.php(593): CodeIgniter\Database\BaseConnection->simpleQuery('INSERT INTO `tbl_fitrah` (`nik`, `keluarga`, `no_hp`, `jenis_zakat`, `jumlah_jiwa`, `nominal`) VALUES (\'01\', \'scnjsnc\', \'+6281517943306\', \'zakat_fitrah\', \'1\', \'270000\')')
 4 SYSTEMPATH\Database\BaseBuilder.php(1916): CodeIgniter\Database\BaseConnection->query('INSERT INTO `tbl_fitrah` (`nik`, `keluarga`, `no_hp`, `jenis_zakat`, `jumlah_jiwa`, `nominal`) VALUES (:nik:, :keluarga:, :no_hp:, :jenis_zakat:, :jumlah_jiwa:, :nominal:)', [...], false)
 5 APPPATH\Models\MData.php(16): CodeIgniter\Database\BaseBuilder->insert([...])
 6 APPPATH\Controllers\Data.php(47): App\Models\MData->saveDataFitrah([...])
 7 SYSTEMPATH\CodeIgniter.php(927): App\Controllers\Data->saveDataFitrah()
 8 SYSTEMPATH\CodeIgniter.php(482): CodeIgniter\CodeIgniter->runController(Object(App\Controllers\Data))
 9 SYSTEMPATH\CodeIgniter.php(351): CodeIgniter\CodeIgniter->handleRequest(null, Object(Config\Cache), false)
10 FCPATH\index.php(67): CodeIgniter\CodeIgniter->run()
11 SYSTEMPATH\Commands\Server\rewrite.php(46): require_once('FCPATH\\index.php')
ERROR - 2023-04-07 02:50:47 --> mysqli_sql_exception: Duplicate entry '1' for key 'PRIMARY' in C:\Users\TedJhon\Downloads\Zakat-Uts\system\Database\MySQLi\Connection.php:292
Stack trace:
#0 C:\Users\TedJhon\Downloads\Zakat-Uts\system\Database\MySQLi\Connection.php(292): mysqli->query('INSERT INTO `tb...', 0)
#1 C:\Users\TedJhon\Downloads\Zakat-Uts\system\Database\BaseConnection.php(666): CodeIgniter\Database\MySQLi\Connection->execute('INSERT INTO `tb...')
#2 C:\Users\TedJhon\Downloads\Zakat-Uts\system\Database\BaseConnection.php(593): CodeIgniter\Database\BaseConnection->simpleQuery('INSERT INTO `tb...')
#3 C:\Users\TedJhon\Downloads\Zakat-Uts\system\Database\BaseBuilder.php(1916): CodeIgniter\Database\BaseConnection->query('INSERT INTO `tb...', Array, false)
#4 C:\Users\TedJhon\Downloads\Zakat-Uts\app\Models\MData.php(16): CodeIgniter\Database\BaseBuilder->insert(Array)
#5 C:\Users\TedJhon\Downloads\Zakat-Uts\app\Controllers\Data.php(47): App\Models\MData->saveDataFitrah(Array)
#6 C:\Users\TedJhon\Downloads\Zakat-Uts\system\CodeIgniter.php(927): App\Controllers\Data->saveDataFitrah()
#7 C:\Users\TedJhon\Downloads\Zakat-Uts\system\CodeIgniter.php(482): CodeIgniter\CodeIgniter->runController(Object(App\Controllers\Data))
#8 C:\Users\TedJhon\Downloads\Zakat-Uts\system\CodeIgniter.php(351): CodeIgniter\CodeIgniter->handleRequest(NULL, Object(Config\Cache), false)
#9 C:\Users\TedJhon\Downloads\Zakat-Uts\public\index.php(67): CodeIgniter\CodeIgniter->run()
#10 C:\Users\TedJhon\Downloads\Zakat-Uts\system\Commands\Server\rewrite.php(46): require_once('C:\\Users\\TedJho...')
#11 {main}
CRITICAL - 2023-04-07 02:50:47 --> Duplicate entry '1' for key 'PRIMARY'
in SYSTEMPATH\Database\MySQLi\Connection.php on line 292.
 1 SYSTEMPATH\Database\MySQLi\Connection.php(292): mysqli->query('INSERT INTO `tbl_fitrah` (`nik`, `keluarga`, `no_hp`, `jenis_zakat`, `jumlah_jiwa`, `nominal`) VALUES (\'01\', \'scnjsnc\', \'+6281517943306\', \'zakat_fitrah\', \'1\', \'270000\')', 0)
 2 SYSTEMPATH\Database\BaseConnection.php(666): CodeIgniter\Database\MySQLi\Connection->execute('INSERT INTO `tbl_fitrah` (`nik`, `keluarga`, `no_hp`, `jenis_zakat`, `jumlah_jiwa`, `nominal`) VALUES (\'01\', \'scnjsnc\', \'+6281517943306\', \'zakat_fitrah\', \'1\', \'270000\')')
 3 SYSTEMPATH\Database\BaseConnection.php(593): CodeIgniter\Database\BaseConnection->simpleQuery('INSERT INTO `tbl_fitrah` (`nik`, `keluarga`, `no_hp`, `jenis_zakat`, `jumlah_jiwa`, `nominal`) VALUES (\'01\', \'scnjsnc\', \'+6281517943306\', \'zakat_fitrah\', \'1\', \'270000\')')
 4 SYSTEMPATH\Database\BaseBuilder.php(1916): CodeIgniter\Database\BaseConnection->query('INSERT INTO `tbl_fitrah` (`nik`, `keluarga`, `no_hp`, `jenis_zakat`, `jumlah_jiwa`, `nominal`) VALUES (:nik:, :keluarga:, :no_hp:, :jenis_zakat:, :jumlah_jiwa:, :nominal:)', [...], false)
 5 APPPATH\Models\MData.php(16): CodeIgniter\Database\BaseBuilder->insert([...])
 6 APPPATH\Controllers\Data.php(47): App\Models\MData->saveDataFitrah([...])
 7 SYSTEMPATH\CodeIgniter.php(927): App\Controllers\Data->saveDataFitrah()
 8 SYSTEMPATH\CodeIgniter.php(482): CodeIgniter\CodeIgniter->runController(Object(App\Controllers\Data))
 9 SYSTEMPATH\CodeIgniter.php(351): CodeIgniter\CodeIgniter->handleRequest(null, Object(Config\Cache), false)
10 FCPATH\index.php(67): CodeIgniter\CodeIgniter->run()
11 SYSTEMPATH\Commands\Server\rewrite.php(46): require_once('FCPATH\\index.php')
ERROR - 2023-04-07 02:52:19 --> mysqli_sql_exception: Duplicate entry '1' for key 'PRIMARY' in C:\Users\TedJhon\Downloads\Zakat-Uts\system\Database\MySQLi\Connection.php:292
Stack trace:
#0 C:\Users\TedJhon\Downloads\Zakat-Uts\system\Database\MySQLi\Connection.php(292): mysqli->query('INSERT INTO `tb...', 0)
#1 C:\Users\TedJhon\Downloads\Zakat-Uts\system\Database\BaseConnection.php(666): CodeIgniter\Database\MySQLi\Connection->execute('INSERT INTO `tb...')
#2 C:\Users\TedJhon\Downloads\Zakat-Uts\system\Database\BaseConnection.php(593): CodeIgniter\Database\BaseConnection->simpleQuery('INSERT INTO `tb...')
#3 C:\Users\TedJhon\Downloads\Zakat-Uts\system\Database\BaseBuilder.php(1916): CodeIgniter\Database\BaseConnection->query('INSERT INTO `tb...', Array, false)
#4 C:\Users\TedJhon\Downloads\Zakat-Uts\app\Models\MData.php(16): CodeIgniter\Database\BaseBuilder->insert(Array)
#5 C:\Users\TedJhon\Downloads\Zakat-Uts\app\Controllers\Data.php(47): App\Models\MData->saveDataFitrah(Array)
#6 C:\Users\TedJhon\Downloads\Zakat-Uts\system\CodeIgniter.php(927): App\Controllers\Data->saveDataFitrah()
#7 C:\Users\TedJhon\Downloads\Zakat-Uts\system\CodeIgniter.php(482): CodeIgniter\CodeIgniter->runController(Object(App\Controllers\Data))
#8 C:\Users\TedJhon\Downloads\Zakat-Uts\system\CodeIgniter.php(351): CodeIgniter\CodeIgniter->handleRequest(NULL, Object(Config\Cache), false)
#9 C:\Users\TedJhon\Downloads\Zakat-Uts\public\index.php(67): CodeIgniter\CodeIgniter->run()
#10 C:\Users\TedJhon\Downloads\Zakat-Uts\system\Commands\Server\rewrite.php(46): require_once('C:\\Users\\TedJho...')
#11 {main}
CRITICAL - 2023-04-07 02:52:19 --> Duplicate entry '1' for key 'PRIMARY'
in SYSTEMPATH\Database\MySQLi\Connection.php on line 292.
 1 SYSTEMPATH\Database\MySQLi\Connection.php(292): mysqli->query('INSERT INTO `tbl_fitrah` (`nik`, `keluarga`, `no_hp`, `jenis_zakat`, `jumlah_jiwa`, `nominal`) VALUES (\'01\', \'scnjsnc\', \'+6281517943306\', \'zakat_fitrah\', \'1\', \'270000\')', 0)
 2 SYSTEMPATH\Database\BaseConnection.php(666): CodeIgniter\Database\MySQLi\Connection->execute('INSERT INTO `tbl_fitrah` (`nik`, `keluarga`, `no_hp`, `jenis_zakat`, `jumlah_jiwa`, `nominal`) VALUES (\'01\', \'scnjsnc\', \'+6281517943306\', \'zakat_fitrah\', \'1\', \'270000\')')
 3 SYSTEMPATH\Database\BaseConnection.php(593): CodeIgniter\Database\BaseConnection->simpleQuery('INSERT INTO `tbl_fitrah` (`nik`, `keluarga`, `no_hp`, `jenis_zakat`, `jumlah_jiwa`, `nominal`) VALUES (\'01\', \'scnjsnc\', \'+6281517943306\', \'zakat_fitrah\', \'1\', \'270000\')')
 4 SYSTEMPATH\Database\BaseBuilder.php(1916): CodeIgniter\Database\BaseConnection->query('INSERT INTO `tbl_fitrah` (`nik`, `keluarga`, `no_hp`, `jenis_zakat`, `jumlah_jiwa`, `nominal`) VALUES (:nik:, :keluarga:, :no_hp:, :jenis_zakat:, :jumlah_jiwa:, :nominal:)', [...], false)
 5 APPPATH\Models\MData.php(16): CodeIgniter\Database\BaseBuilder->insert([...])
 6 APPPATH\Controllers\Data.php(47): App\Models\MData->saveDataFitrah([...])
 7 SYSTEMPATH\CodeIgniter.php(927): App\Controllers\Data->saveDataFitrah()
 8 SYSTEMPATH\CodeIgniter.php(482): CodeIgniter\CodeIgniter->runController(Object(App\Controllers\Data))
 9 SYSTEMPATH\CodeIgniter.php(351): CodeIgniter\CodeIgniter->handleRequest(null, Object(Config\Cache), false)
10 FCPATH\index.php(67): CodeIgniter\CodeIgniter->run()
11 SYSTEMPATH\Commands\Server\rewrite.php(46): require_once('FCPATH\\index.php')
ERROR - 2023-04-07 02:53:34 --> mysqli_sql_exception: Duplicate entry '1' for key 'PRIMARY' in C:\Users\TedJhon\Downloads\Zakat-Uts\system\Database\MySQLi\Connection.php:292
Stack trace:
#0 C:\Users\TedJhon\Downloads\Zakat-Uts\system\Database\MySQLi\Connection.php(292): mysqli->query('INSERT INTO `tb...', 0)
#1 C:\Users\TedJhon\Downloads\Zakat-Uts\system\Database\BaseConnection.php(666): CodeIgniter\Database\MySQLi\Connection->execute('INSERT INTO `tb...')
#2 C:\Users\TedJhon\Downloads\Zakat-Uts\system\Database\BaseConnection.php(593): CodeIgniter\Database\BaseConnection->simpleQuery('INSERT INTO `tb...')
#3 C:\Users\TedJhon\Downloads\Zakat-Uts\system\Database\BaseBuilder.php(1916): CodeIgniter\Database\BaseConnection->query('INSERT INTO `tb...', Array, false)
#4 C:\Users\TedJhon\Downloads\Zakat-Uts\app\Models\MData.php(16): CodeIgniter\Database\BaseBuilder->insert(Array)
#5 C:\Users\TedJhon\Downloads\Zakat-Uts\app\Controllers\Data.php(47): App\Models\MData->saveDataFitrah(Array)
#6 C:\Users\TedJhon\Downloads\Zakat-Uts\system\CodeIgniter.php(927): App\Controllers\Data->saveDataFitrah()
#7 C:\Users\TedJhon\Downloads\Zakat-Uts\system\CodeIgniter.php(482): CodeIgniter\CodeIgniter->runController(Object(App\Controllers\Data))
#8 C:\Users\TedJhon\Downloads\Zakat-Uts\system\CodeIgniter.php(351): CodeIgniter\CodeIgniter->handleRequest(NULL, Object(Config\Cache), false)
#9 C:\Users\TedJhon\Downloads\Zakat-Uts\public\index.php(67): CodeIgniter\CodeIgniter->run()
#10 C:\Users\TedJhon\Downloads\Zakat-Uts\system\Commands\Server\rewrite.php(46): require_once('C:\\Users\\TedJho...')
#11 {main}
CRITICAL - 2023-04-07 02:53:34 --> Duplicate entry '1' for key 'PRIMARY'
in SYSTEMPATH\Database\MySQLi\Connection.php on line 292.
 1 SYSTEMPATH\Database\MySQLi\Connection.php(292): mysqli->query('INSERT INTO `tbl_fitrah` (`nik`, `keluarga`, `no_hp`, `jenis_zakat`, `jumlah_jiwa`, `nominal`) VALUES (\'01\', \'scnjsnc\', \'+6281517943306\', \'zakat_fitrah\', \'1\', \'270000\')', 0)
 2 SYSTEMPATH\Database\BaseConnection.php(666): CodeIgniter\Database\MySQLi\Connection->execute('INSERT INTO `tbl_fitrah` (`nik`, `keluarga`, `no_hp`, `jenis_zakat`, `jumlah_jiwa`, `nominal`) VALUES (\'01\', \'scnjsnc\', \'+6281517943306\', \'zakat_fitrah\', \'1\', \'270000\')')
 3 SYSTEMPATH\Database\BaseConnection.php(593): CodeIgniter\Database\BaseConnection->simpleQuery('INSERT INTO `tbl_fitrah` (`nik`, `keluarga`, `no_hp`, `jenis_zakat`, `jumlah_jiwa`, `nominal`) VALUES (\'01\', \'scnjsnc\', \'+6281517943306\', \'zakat_fitrah\', \'1\', \'270000\')')
 4 SYSTEMPATH\Database\BaseBuilder.php(1916): CodeIgniter\Database\BaseConnection->query('INSERT INTO `tbl_fitrah` (`nik`, `keluarga`, `no_hp`, `jenis_zakat`, `jumlah_jiwa`, `nominal`) VALUES (:nik:, :keluarga:, :no_hp:, :jenis_zakat:, :jumlah_jiwa:, :nominal:)', [...], false)
 5 APPPATH\Models\MData.php(16): CodeIgniter\Database\BaseBuilder->insert([...])
 6 APPPATH\Controllers\Data.php(47): App\Models\MData->saveDataFitrah([...])
 7 SYSTEMPATH\CodeIgniter.php(927): App\Controllers\Data->saveDataFitrah()
 8 SYSTEMPATH\CodeIgniter.php(482): CodeIgniter\CodeIgniter->runController(Object(App\Controllers\Data))
 9 SYSTEMPATH\CodeIgniter.php(351): CodeIgniter\CodeIgniter->handleRequest(null, Object(Config\Cache), false)
10 FCPATH\index.php(67): CodeIgniter\CodeIgniter->run()
11 SYSTEMPATH\Commands\Server\rewrite.php(46): require_once('FCPATH\\index.php')
ERROR - 2023-04-07 02:55:24 --> mysqli_sql_exception: Duplicate entry '1' for key 'PRIMARY' in C:\Users\TedJhon\Downloads\Zakat-Uts\system\Database\MySQLi\Connection.php:292
Stack trace:
#0 C:\Users\TedJhon\Downloads\Zakat-Uts\system\Database\MySQLi\Connection.php(292): mysqli->query('INSERT INTO `tb...', 0)
#1 C:\Users\TedJhon\Downloads\Zakat-Uts\system\Database\BaseConnection.php(666): CodeIgniter\Database\MySQLi\Connection->execute('INSERT INTO `tb...')
#2 C:\Users\TedJhon\Downloads\Zakat-Uts\system\Database\BaseConnection.php(593): CodeIgniter\Database\BaseConnection->simpleQuery('INSERT INTO `tb...')
#3 C:\Users\TedJhon\Downloads\Zakat-Uts\system\Database\BaseBuilder.php(1916): CodeIgniter\Database\BaseConnection->query('INSERT INTO `tb...', Array, false)
#4 C:\Users\TedJhon\Downloads\Zakat-Uts\app\Models\MData.php(16): CodeIgniter\Database\BaseBuilder->insert(Array)
#5 C:\Users\TedJhon\Downloads\Zakat-Uts\app\Controllers\Data.php(47): App\Models\MData->saveDataFitrah(Array)
#6 C:\Users\TedJhon\Downloads\Zakat-Uts\system\CodeIgniter.php(927): App\Controllers\Data->saveDataFitrah()
#7 C:\Users\TedJhon\Downloads\Zakat-Uts\system\CodeIgniter.php(482): CodeIgniter\CodeIgniter->runController(Object(App\Controllers\Data))
#8 C:\Users\TedJhon\Downloads\Zakat-Uts\system\CodeIgniter.php(351): CodeIgniter\CodeIgniter->handleRequest(NULL, Object(Config\Cache), false)
#9 C:\Users\TedJhon\Downloads\Zakat-Uts\public\index.php(67): CodeIgniter\CodeIgniter->run()
#10 C:\Users\TedJhon\Downloads\Zakat-Uts\system\Commands\Server\rewrite.php(46): require_once('C:\\Users\\TedJho...')
#11 {main}
CRITICAL - 2023-04-07 02:55:24 --> Duplicate entry '1' for key 'PRIMARY'
in SYSTEMPATH\Database\MySQLi\Connection.php on line 292.
 1 SYSTEMPATH\Database\MySQLi\Connection.php(292): mysqli->query('INSERT INTO `tbl_fitrah` (`nik`, `keluarga`, `no_hp`, `jenis_zakat`, `jumlah_jiwa`, `nominal`) VALUES (\'01\', \'scnjsnc\', \'+6281517943306\', \'zakat_fitrah\', \'1\', \'270000\')', 0)
 2 SYSTEMPATH\Database\BaseConnection.php(666): CodeIgniter\Database\MySQLi\Connection->execute('INSERT INTO `tbl_fitrah` (`nik`, `keluarga`, `no_hp`, `jenis_zakat`, `jumlah_jiwa`, `nominal`) VALUES (\'01\', \'scnjsnc\', \'+6281517943306\', \'zakat_fitrah\', \'1\', \'270000\')')
 3 SYSTEMPATH\Database\BaseConnection.php(593): CodeIgniter\Database\BaseConnection->simpleQuery('INSERT INTO `tbl_fitrah` (`nik`, `keluarga`, `no_hp`, `jenis_zakat`, `jumlah_jiwa`, `nominal`) VALUES (\'01\', \'scnjsnc\', \'+6281517943306\', \'zakat_fitrah\', \'1\', \'270000\')')
 4 SYSTEMPATH\Database\BaseBuilder.php(1916): CodeIgniter\Database\BaseConnection->query('INSERT INTO `tbl_fitrah` (`nik`, `keluarga`, `no_hp`, `jenis_zakat`, `jumlah_jiwa`, `nominal`) VALUES (:nik:, :keluarga:, :no_hp:, :jenis_zakat:, :jumlah_jiwa:, :nominal:)', [...], false)
 5 APPPATH\Models\MData.php(16): CodeIgniter\Database\BaseBuilder->insert([...])
 6 APPPATH\Controllers\Data.php(47): App\Models\MData->saveDataFitrah([...])
 7 SYSTEMPATH\CodeIgniter.php(927): App\Controllers\Data->saveDataFitrah()
 8 SYSTEMPATH\CodeIgniter.php(482): CodeIgniter\CodeIgniter->runController(Object(App\Controllers\Data))
 9 SYSTEMPATH\CodeIgniter.php(351): CodeIgniter\CodeIgniter->handleRequest(null, Object(Config\Cache), false)
10 FCPATH\index.php(67): CodeIgniter\CodeIgniter->run()
11 SYSTEMPATH\Commands\Server\rewrite.php(46): require_once('FCPATH\\index.php')
ERROR - 2023-04-07 02:57:37 --> mysqli_sql_exception: Duplicate entry '1' for key 'PRIMARY' in C:\Users\TedJhon\Downloads\Zakat-Uts\system\Database\MySQLi\Connection.php:292
Stack trace:
#0 C:\Users\TedJhon\Downloads\Zakat-Uts\system\Database\MySQLi\Connection.php(292): mysqli->query('INSERT INTO `tb...', 0)
#1 C:\Users\TedJhon\Downloads\Zakat-Uts\system\Database\BaseConnection.php(666): CodeIgniter\Database\MySQLi\Connection->execute('INSERT INTO `tb...')
#2 C:\Users\TedJhon\Downloads\Zakat-Uts\system\Database\BaseConnection.php(593): CodeIgniter\Database\BaseConnection->simpleQuery('INSERT INTO `tb...')
#3 C:\Users\TedJhon\Downloads\Zakat-Uts\system\Database\BaseBuilder.php(1916): CodeIgniter\Database\BaseConnection->query('INSERT INTO `tb...', Array, false)
#4 C:\Users\TedJhon\Downloads\Zakat-Uts\app\Models\MData.php(16): CodeIgniter\Database\BaseBuilder->insert(Array)
#5 C:\Users\TedJhon\Downloads\Zakat-Uts\app\Controllers\Data.php(47): App\Models\MData->saveDataFitrah(Array)
#6 C:\Users\TedJhon\Downloads\Zakat-Uts\system\CodeIgniter.php(927): App\Controllers\Data->saveDataFitrah()
#7 C:\Users\TedJhon\Downloads\Zakat-Uts\system\CodeIgniter.php(482): CodeIgniter\CodeIgniter->runController(Object(App\Controllers\Data))
#8 C:\Users\TedJhon\Downloads\Zakat-Uts\system\CodeIgniter.php(351): CodeIgniter\CodeIgniter->handleRequest(NULL, Object(Config\Cache), false)
#9 C:\Users\TedJhon\Downloads\Zakat-Uts\public\index.php(67): CodeIgniter\CodeIgniter->run()
#10 C:\Users\TedJhon\Downloads\Zakat-Uts\system\Commands\Server\rewrite.php(46): require_once('C:\\Users\\TedJho...')
#11 {main}
CRITICAL - 2023-04-07 02:57:37 --> Duplicate entry '1' for key 'PRIMARY'
in SYSTEMPATH\Database\MySQLi\Connection.php on line 292.
 1 SYSTEMPATH\Database\MySQLi\Connection.php(292): mysqli->query('INSERT INTO `tbl_fitrah` (`nik`, `keluarga`, `no_hp`, `jenis_zakat`, `jumlah_jiwa`, `nominal`) VALUES (\'01\', \'scnjsnc\', \'+6281517943306\', \'zakat_fitrah\', \'1\', \'270000\')', 0)
 2 SYSTEMPATH\Database\BaseConnection.php(666): CodeIgniter\Database\MySQLi\Connection->execute('INSERT INTO `tbl_fitrah` (`nik`, `keluarga`, `no_hp`, `jenis_zakat`, `jumlah_jiwa`, `nominal`) VALUES (\'01\', \'scnjsnc\', \'+6281517943306\', \'zakat_fitrah\', \'1\', \'270000\')')
 3 SYSTEMPATH\Database\BaseConnection.php(593): CodeIgniter\Database\BaseConnection->simpleQuery('INSERT INTO `tbl_fitrah` (`nik`, `keluarga`, `no_hp`, `jenis_zakat`, `jumlah_jiwa`, `nominal`) VALUES (\'01\', \'scnjsnc\', \'+6281517943306\', \'zakat_fitrah\', \'1\', \'270000\')')
 4 SYSTEMPATH\Database\BaseBuilder.php(1916): CodeIgniter\Database\BaseConnection->query('INSERT INTO `tbl_fitrah` (`nik`, `keluarga`, `no_hp`, `jenis_zakat`, `jumlah_jiwa`, `nominal`) VALUES (:nik:, :keluarga:, :no_hp:, :jenis_zakat:, :jumlah_jiwa:, :nominal:)', [...], false)
 5 APPPATH\Models\MData.php(16): CodeIgniter\Database\BaseBuilder->insert([...])
 6 APPPATH\Controllers\Data.php(47): App\Models\MData->saveDataFitrah([...])
 7 SYSTEMPATH\CodeIgniter.php(927): App\Controllers\Data->saveDataFitrah()
 8 SYSTEMPATH\CodeIgniter.php(482): CodeIgniter\CodeIgniter->runController(Object(App\Controllers\Data))
 9 SYSTEMPATH\CodeIgniter.php(351): CodeIgniter\CodeIgniter->handleRequest(null, Object(Config\Cache), false)
10 FCPATH\index.php(67): CodeIgniter\CodeIgniter->run()
11 SYSTEMPATH\Commands\Server\rewrite.php(46): require_once('FCPATH\\index.php')
ERROR - 2023-04-07 03:02:45 --> mysqli_sql_exception: Duplicate entry '1' for key 'PRIMARY' in C:\Users\TedJhon\Downloads\Zakat-Uts\system\Database\MySQLi\Connection.php:292
Stack trace:
#0 C:\Users\TedJhon\Downloads\Zakat-Uts\system\Database\MySQLi\Connection.php(292): mysqli->query('INSERT INTO `tb...', 0)
#1 C:\Users\TedJhon\Downloads\Zakat-Uts\system\Database\BaseConnection.php(666): CodeIgniter\Database\MySQLi\Connection->execute('INSERT INTO `tb...')
#2 C:\Users\TedJhon\Downloads\Zakat-Uts\system\Database\BaseConnection.php(593): CodeIgniter\Database\BaseConnection->simpleQuery('INSERT INTO `tb...')
#3 C:\Users\TedJhon\Downloads\Zakat-Uts\system\Database\BaseBuilder.php(1916): CodeIgniter\Database\BaseConnection->query('INSERT INTO `tb...', Array, false)
#4 C:\Users\TedJhon\Downloads\Zakat-Uts\app\Models\MData.php(16): CodeIgniter\Database\BaseBuilder->insert(Array)
#5 C:\Users\TedJhon\Downloads\Zakat-Uts\app\Controllers\Data.php(47): App\Models\MData->saveDataFitrah(Array)
#6 C:\Users\TedJhon\Downloads\Zakat-Uts\system\CodeIgniter.php(927): App\Controllers\Data->saveDataFitrah()
#7 C:\Users\TedJhon\Downloads\Zakat-Uts\system\CodeIgniter.php(482): CodeIgniter\CodeIgniter->runController(Object(App\Controllers\Data))
#8 C:\Users\TedJhon\Downloads\Zakat-Uts\system\CodeIgniter.php(351): CodeIgniter\CodeIgniter->handleRequest(NULL, Object(Config\Cache), false)
#9 C:\Users\TedJhon\Downloads\Zakat-Uts\public\index.php(67): CodeIgniter\CodeIgniter->run()
#10 C:\Users\TedJhon\Downloads\Zakat-Uts\system\Commands\Server\rewrite.php(46): require_once('C:\\Users\\TedJho...')
#11 {main}
CRITICAL - 2023-04-07 03:02:45 --> Duplicate entry '1' for key 'PRIMARY'
in SYSTEMPATH\Database\MySQLi\Connection.php on line 292.
 1 SYSTEMPATH\Database\MySQLi\Connection.php(292): mysqli->query('INSERT INTO `tbl_fitrah` (`nik`, `keluarga`, `no_hp`, `jenis_zakat`, `jumlah_jiwa`, `nominal`) VALUES (\'01\', \'scnjsnc\', \'+6281517943306\', \'zakat_mal\', \'1\', \'1000\')', 0)
 2 SYSTEMPATH\Database\BaseConnection.php(666): CodeIgniter\Database\MySQLi\Connection->execute('INSERT INTO `tbl_fitrah` (`nik`, `keluarga`, `no_hp`, `jenis_zakat`, `jumlah_jiwa`, `nominal`) VALUES (\'01\', \'scnjsnc\', \'+6281517943306\', \'zakat_mal\', \'1\', \'1000\')')
 3 SYSTEMPATH\Database\BaseConnection.php(593): CodeIgniter\Database\BaseConnection->simpleQuery('INSERT INTO `tbl_fitrah` (`nik`, `keluarga`, `no_hp`, `jenis_zakat`, `jumlah_jiwa`, `nominal`) VALUES (\'01\', \'scnjsnc\', \'+6281517943306\', \'zakat_mal\', \'1\', \'1000\')')
 4 SYSTEMPATH\Database\BaseBuilder.php(1916): CodeIgniter\Database\BaseConnection->query('INSERT INTO `tbl_fitrah` (`nik`, `keluarga`, `no_hp`, `jenis_zakat`, `jumlah_jiwa`, `nominal`) VALUES (:nik:, :keluarga:, :no_hp:, :jenis_zakat:, :jumlah_jiwa:, :nominal:)', [...], false)
 5 APPPATH\Models\MData.php(16): CodeIgniter\Database\BaseBuilder->insert([...])
 6 APPPATH\Controllers\Data.php(47): App\Models\MData->saveDataFitrah([...])
 7 SYSTEMPATH\CodeIgniter.php(927): App\Controllers\Data->saveDataFitrah()
 8 SYSTEMPATH\CodeIgniter.php(482): CodeIgniter\CodeIgniter->runController(Object(App\Controllers\Data))
 9 SYSTEMPATH\CodeIgniter.php(351): CodeIgniter\CodeIgniter->handleRequest(null, Object(Config\Cache), false)
10 FCPATH\index.php(67): CodeIgniter\CodeIgniter->run()
11 SYSTEMPATH\Commands\Server\rewrite.php(46): require_once('FCPATH\\index.php')
CRITICAL - 2023-04-07 06:56:39 --> Undefined property: stdClass::$zakat
in APPPATH\Views\V_editData_fitrah.php on line 48.
 1 APPPATH\Views\V_editData_fitrah.php(48): CodeIgniter\Debug\Exceptions->errorHandler(2, 'Undefined property: stdClass::$zakat', 'APPPATH\\Views\\V_editData_fitrah.php', 48)
 2 SYSTEMPATH\View\View.php(213): include('APPPATH\\Views\\V_editData_fitrah.php')
 3 SYSTEMPATH\View\View.php(216): CodeIgniter\View\View->CodeIgniter\View\{closure}()
 4 SYSTEMPATH\Common.php(1134): CodeIgniter\View\View->render('V_editData_fitrah', [], true)
 5 APPPATH\Controllers\Data.php(59): view('V_editData_fitrah', [...])
 6 SYSTEMPATH\CodeIgniter.php(927): App\Controllers\Data->editDataFitrah('1')
 7 SYSTEMPATH\CodeIgniter.php(482): CodeIgniter\CodeIgniter->runController(Object(App\Controllers\Data))
 8 SYSTEMPATH\CodeIgniter.php(351): CodeIgniter\CodeIgniter->handleRequest(null, Object(Config\Cache), false)
 9 FCPATH\index.php(67): CodeIgniter\CodeIgniter->run()
10 SYSTEMPATH\Commands\Server\rewrite.php(46): require_once('FCPATH\\index.php')
CRITICAL - 2023-04-07 07:15:34 --> Undefined variable $row
in APPPATH\Views\V_editData_fitrah.php on line 28.
 1 APPPATH\Views\V_editData_fitrah.php(28): CodeIgniter\Debug\Exceptions->errorHandler(2, 'Undefined variable $row', 'APPPATH\\Views\\V_editData_fitrah.php', 28)
 2 SYSTEMPATH\View\View.php(213): include('APPPATH\\Views\\V_editData_fitrah.php')
 3 SYSTEMPATH\View\View.php(216): CodeIgniter\View\View->CodeIgniter\View\{closure}()
 4 SYSTEMPATH\Common.php(1134): CodeIgniter\View\View->render('V_editData_fitrah', [], true)
 5 APPPATH\Controllers\Data.php(59): view('V_editData_fitrah', [...])
 6 SYSTEMPATH\CodeIgniter.php(927): App\Controllers\Data->editDataFitrah('1')
 7 SYSTEMPATH\CodeIgniter.php(482): CodeIgniter\CodeIgniter->runController(Object(App\Controllers\Data))
 8 SYSTEMPATH\CodeIgniter.php(351): CodeIgniter\CodeIgniter->handleRequest(null, Object(Config\Cache), false)
 9 FCPATH\index.php(67): CodeIgniter\CodeIgniter->run()
10 SYSTEMPATH\Commands\Server\rewrite.php(46): require_once('FCPATH\\index.php')
CRITICAL - 2023-04-07 07:16:43 --> Undefined variable $row
in APPPATH\Views\V_editData_fitrah.php on line 28.
 1 APPPATH\Views\V_editData_fitrah.php(28): CodeIgniter\Debug\Exceptions->errorHandler(2, 'Undefined variable $row', 'APPPATH\\Views\\V_editData_fitrah.php', 28)
 2 SYSTEMPATH\View\View.php(213): include('APPPATH\\Views\\V_editData_fitrah.php')
 3 SYSTEMPATH\View\View.php(216): CodeIgniter\View\View->CodeIgniter\View\{closure}()
 4 SYSTEMPATH\Common.php(1134): CodeIgniter\View\View->render('V_editData_fitrah', [], true)
 5 APPPATH\Controllers\Data.php(59): view('V_editData_fitrah', [...])
 6 SYSTEMPATH\CodeIgniter.php(927): App\Controllers\Data->editDataFitrah('1')
 7 SYSTEMPATH\CodeIgniter.php(482): CodeIgniter\CodeIgniter->runController(Object(App\Controllers\Data))
 8 SYSTEMPATH\CodeIgniter.php(351): CodeIgniter\CodeIgniter->handleRequest(null, Object(Config\Cache), false)
 9 FCPATH\index.php(67): CodeIgniter\CodeIgniter->run()
10 SYSTEMPATH\Commands\Server\rewrite.php(46): require_once('FCPATH\\index.php')
CRITICAL - 2023-04-07 07:26:51 --> Undefined variable $row
in APPPATH\Views\V_editData_fitrah.php on line 28.
 1 APPPATH\Views\V_editData_fitrah.php(28): CodeIgniter\Debug\Exceptions->errorHandler(2, 'Undefined variable $row', 'APPPATH\\Views\\V_editData_fitrah.php', 28)
 2 SYSTEMPATH\View\View.php(213): include('APPPATH\\Views\\V_editData_fitrah.php')
 3 SYSTEMPATH\View\View.php(216): CodeIgniter\View\View->CodeIgniter\View\{closure}()
 4 SYSTEMPATH\Common.php(1134): CodeIgniter\View\View->render('V_editData_fitrah', [], true)
 5 APPPATH\Controllers\Data.php(59): view('V_editData_fitrah', [...])
 6 SYSTEMPATH\CodeIgniter.php(927): App\Controllers\Data->editDataFitrah('1')
 7 SYSTEMPATH\CodeIgniter.php(482): CodeIgniter\CodeIgniter->runController(Object(App\Controllers\Data))
 8 SYSTEMPATH\CodeIgniter.php(351): CodeIgniter\CodeIgniter->handleRequest(null, Object(Config\Cache), false)
 9 FCPATH\index.php(67): CodeIgniter\CodeIgniter->run()
10 SYSTEMPATH\Commands\Server\rewrite.php(46): require_once('FCPATH\\index.php')
CRITICAL - 2023-04-07 07:48:42 --> Undefined variable $row
in APPPATH\Views\V_editData_fitrah.php on line 28.
 1 APPPATH\Views\V_editData_fitrah.php(28): CodeIgniter\Debug\Exceptions->errorHandler(2, 'Undefined variable $row', 'APPPATH\\Views\\V_editData_fitrah.php', 28)
 2 SYSTEMPATH\View\View.php(213): include('APPPATH\\Views\\V_editData_fitrah.php')
 3 SYSTEMPATH\View\View.php(216): CodeIgniter\View\View->CodeIgniter\View\{closure}()
 4 SYSTEMPATH\Common.php(1134): CodeIgniter\View\View->render('V_editData_fitrah', [], true)
 5 APPPATH\Controllers\Data.php(59): view('V_editData_fitrah', [...])
 6 SYSTEMPATH\CodeIgniter.php(927): App\Controllers\Data->editDataFitrah('1')
 7 SYSTEMPATH\CodeIgniter.php(482): CodeIgniter\CodeIgniter->runController(Object(App\Controllers\Data))
 8 SYSTEMPATH\CodeIgniter.php(351): CodeIgniter\CodeIgniter->handleRequest(null, Object(Config\Cache), false)
 9 FCPATH\index.php(67): CodeIgniter\CodeIgniter->run()
10 SYSTEMPATH\Commands\Server\rewrite.php(46): require_once('FCPATH\\index.php')
CRITICAL - 2023-04-07 07:49:41 --> Undefined property: stdClass::$zakat
in APPPATH\Views\V_editData_fitrah.php on line 48.
 1 APPPATH\Views\V_editData_fitrah.php(48): CodeIgniter\Debug\Exceptions->errorHandler(2, 'Undefined property: stdClass::$zakat', 'APPPATH\\Views\\V_editData_fitrah.php', 48)
 2 SYSTEMPATH\View\View.php(213): include('APPPATH\\Views\\V_editData_fitrah.php')
 3 SYSTEMPATH\View\View.php(216): CodeIgniter\View\View->CodeIgniter\View\{closure}()
 4 SYSTEMPATH\Common.php(1134): CodeIgniter\View\View->render('V_editData_fitrah', [], true)
 5 APPPATH\Controllers\Data.php(59): view('V_editData_fitrah', [...])
 6 SYSTEMPATH\CodeIgniter.php(927): App\Controllers\Data->editDataFitrah('1')
 7 SYSTEMPATH\CodeIgniter.php(482): CodeIgniter\CodeIgniter->runController(Object(App\Controllers\Data))
 8 SYSTEMPATH\CodeIgniter.php(351): CodeIgniter\CodeIgniter->handleRequest(null, Object(Config\Cache), false)
 9 FCPATH\index.php(67): CodeIgniter\CodeIgniter->run()
10 SYSTEMPATH\Commands\Server\rewrite.php(46): require_once('FCPATH\\index.php')
CRITICAL - 2023-04-07 12:52:06 --> Undefined property: stdClass::$keyword
in APPPATH\Views\V_pdfTabel.php on line 23.
 1 APPPATH\Views\V_pdfTabel.php(23): CodeIgniter\Debug\Exceptions->errorHandler(2, 'Undefined property: stdClass::$keyword', 'APPPATH\\Views\\V_pdfTabel.php', 23)
 2 SYSTEMPATH\View\View.php(213): include('APPPATH\\Views\\V_pdfTabel.php')
 3 SYSTEMPATH\View\View.php(216): CodeIgniter\View\View->CodeIgniter\View\{closure}()
 4 SYSTEMPATH\Common.php(1134): CodeIgniter\View\View->render('V_pdfTabel', [], true)
 5 APPPATH\Controllers\Report.php(26): view('V_pdfTabel', [...])
 6 SYSTEMPATH\CodeIgniter.php(927): App\Controllers\Report->index()
 7 SYSTEMPATH\CodeIgniter.php(482): CodeIgniter\CodeIgniter->runController(Object(App\Controllers\Report))
 8 SYSTEMPATH\CodeIgniter.php(351): CodeIgniter\CodeIgniter->handleRequest(null, Object(Config\Cache), false)
 9 FCPATH\index.php(67): CodeIgniter\CodeIgniter->run()
10 SYSTEMPATH\Commands\Server\rewrite.php(46): require_once('FCPATH\\index.php')
CRITICAL - 2023-04-07 16:41:27 --> Undefined property: stdClass::$keyword
in APPPATH\Views\V_pdfTabel.php on line 23.
 1 APPPATH\Views\V_pdfTabel.php(23): CodeIgniter\Debug\Exceptions->errorHandler(2, 'Undefined property: stdClass::$keyword', 'APPPATH\\Views\\V_pdfTabel.php', 23)
 2 SYSTEMPATH\View\View.php(213): include('APPPATH\\Views\\V_pdfTabel.php')
 3 SYSTEMPATH\View\View.php(216): CodeIgniter\View\View->CodeIgniter\View\{closure}()
 4 SYSTEMPATH\Common.php(1134): CodeIgniter\View\View->render('V_pdfTabel', [], true)
 5 APPPATH\Controllers\Report.php(26): view('V_pdfTabel', [...])
 6 SYSTEMPATH\CodeIgniter.php(927): App\Controllers\Report->index()
 7 SYSTEMPATH\CodeIgniter.php(482): CodeIgniter\CodeIgniter->runController(Object(App\Controllers\Report))
 8 SYSTEMPATH\CodeIgniter.php(351): CodeIgniter\CodeIgniter->handleRequest(null, Object(Config\Cache), false)
 9 FCPATH\index.php(67): CodeIgniter\CodeIgniter->run()
10 SYSTEMPATH\Commands\Server\rewrite.php(46): require_once('FCPATH\\index.php')
CRITICAL - 2023-04-07 20:58:11 --> include(tambah_data_form.php): Failed to open stream: No such file or directory
in APPPATH\Views\layout\v_nav.php on line 42.
 1 APPPATH\Views\layout\v_nav.php(42): CodeIgniter\Debug\Exceptions->errorHandler(2, 'include(tambah_data_form.php): Failed to open stream: No such file or directory', 'APPPATH\\Views\\layout\\v_nav.php', 42)
 2 APPPATH\Views\layout\v_nav.php(42): include()
 3 SYSTEMPATH\View\View.php(213): include('APPPATH\\Views\\layout\\v_nav.php')
 4 SYSTEMPATH\View\View.php(216): CodeIgniter\View\View->CodeIgniter\View\{closure}()
 5 SYSTEMPATH\Common.php(1134): CodeIgniter\View\View->render('layout/v_nav', [], true)
 6 APPPATH\Views\layout\v_wrapper.php(4): view('layout/v_nav')
 7 SYSTEMPATH\View\View.php(213): include('APPPATH\\Views\\layout\\v_wrapper.php')
 8 SYSTEMPATH\View\View.php(216): CodeIgniter\View\View->CodeIgniter\View\{closure}()
 9 SYSTEMPATH\Common.php(1134): CodeIgniter\View\View->render('layout/v_wrapper', [], true)
10 APPPATH\Controllers\Home.php(10): view('layout/v_wrapper')
11 SYSTEMPATH\CodeIgniter.php(927): App\Controllers\Home->index()
12 SYSTEMPATH\CodeIgniter.php(482): CodeIgniter\CodeIgniter->runController(Object(App\Controllers\Home))
13 SYSTEMPATH\CodeIgniter.php(351): CodeIgniter\CodeIgniter->handleRequest(null, Object(Config\Cache), false)
14 FCPATH\index.php(67): CodeIgniter\CodeIgniter->run()
15 SYSTEMPATH\Commands\Server\rewrite.php(46): require_once('FCPATH\\index.php')
CRITICAL - 2023-04-07 20:59:01 --> Undefined variable $row
in APPPATH\Views\layout\tambah_data_form.php on line 4.
 1 APPPATH\Views\layout\tambah_data_form.php(4): CodeIgniter\Debug\Exceptions->errorHandler(2, 'Undefined variable $row', 'APPPATH\\Views\\layout\\tambah_data_form.php', 4)
 2 APPPATH\Views\layout\v_nav.php(42): include('APPPATH\\Views\\layout\\tambah_data_form.php')
 3 SYSTEMPATH\View\View.php(213): include('APPPATH\\Views\\layout\\v_nav.php')
 4 SYSTEMPATH\View\View.php(216): CodeIgniter\View\View->CodeIgniter\View\{closure}()
 5 SYSTEMPATH\Common.php(1134): CodeIgniter\View\View->render('layout/v_nav', [], true)
 6 APPPATH\Views\layout\v_wrapper.php(4): view('layout/v_nav')
 7 SYSTEMPATH\View\View.php(213): include('APPPATH\\Views\\layout\\v_wrapper.php')
 8 SYSTEMPATH\View\View.php(216): CodeIgniter\View\View->CodeIgniter\View\{closure}()
 9 SYSTEMPATH\Common.php(1134): CodeIgniter\View\View->render('layout/v_wrapper', [], true)
10 APPPATH\Controllers\Home.php(10): view('layout/v_wrapper')
11 SYSTEMPATH\CodeIgniter.php(927): App\Controllers\Home->index()
12 SYSTEMPATH\CodeIgniter.php(482): CodeIgniter\CodeIgniter->runController(Object(App\Controllers\Home))
13 SYSTEMPATH\CodeIgniter.php(351): CodeIgniter\CodeIgniter->handleRequest(null, Object(Config\Cache), false)
14 FCPATH\index.php(67): CodeIgniter\CodeIgniter->run()
15 SYSTEMPATH\Commands\Server\rewrite.php(46): require_once('FCPATH\\index.php')
