ERROR - 2023-04-11 01:36:27 --> mysqli_sql_exception: Table 'pertemuan1.zakat' doesn't exist in C:\Users\LENOVO\Desktop\UTS_Zakat-master\system\Database\MySQLi\Connection.php:292
Stack trace:
#0 C:\Users\LENOVO\Desktop\UTS_Zakat-master\system\Database\MySQLi\Connection.php(292): mysqli->query('select * from z...', 0)
#1 C:\Users\LENOVO\Desktop\UTS_Zakat-master\system\Database\BaseConnection.php(666): CodeIgniter\Database\MySQLi\Connection->execute('select * from z...')
#2 C:\Users\LENOVO\Desktop\UTS_Zakat-master\system\Database\BaseConnection.php(593): CodeIgniter\Database\BaseConnection->simpleQuery('select * from z...')
#3 C:\Users\LENOVO\Desktop\UTS_Zakat-master\app\Models\MData.php(11): CodeIgniter\Database\BaseConnection->query('select * from z...')
#4 C:\Users\LENOVO\Desktop\UTS_Zakat-master\app\Controllers\Data.php(23): App\Models\MData->getData()
#5 C:\Users\LENOVO\Desktop\UTS_Zakat-master\system\CodeIgniter.php(927): App\Controllers\Data->index()
#6 C:\Users\LENOVO\Desktop\UTS_Zakat-master\system\CodeIgniter.php(482): CodeIgniter\CodeIgniter->runController(Object(App\Controllers\Data))
#7 C:\Users\LENOVO\Desktop\UTS_Zakat-master\system\CodeIgniter.php(351): CodeIgniter\CodeIgniter->handleRequest(NULL, Object(Config\Cache), false)
#8 C:\Users\LENOVO\Desktop\UTS_Zakat-master\public\index.php(67): CodeIgniter\CodeIgniter->run()
#9 C:\Users\LENOVO\Desktop\UTS_Zakat-master\system\Commands\Server\rewrite.php(46): require_once('C:\\Users\\LENOVO...')
#10 {main}
CRITICAL - 2023-04-11 01:36:27 --> Table 'pertemuan1.zakat' doesn't exist
in SYSTEMPATH\Database\MySQLi\Connection.php on line 292.
 1 SYSTEMPATH\Database\MySQLi\Connection.php(292): mysqli->query('select * from zakat', 0)
 2 SYSTEMPATH\Database\BaseConnection.php(666): CodeIgniter\Database\MySQLi\Connection->execute('select * from zakat')
 3 SYSTEMPATH\Database\BaseConnection.php(593): CodeIgniter\Database\BaseConnection->simpleQuery('select * from zakat')
 4 APPPATH\Models\MData.php(11): CodeIgniter\Database\BaseConnection->query('select * from zakat')
 5 APPPATH\Controllers\Data.php(23): App\Models\MData->getData()
 6 SYSTEMPATH\CodeIgniter.php(927): App\Controllers\Data->index()
 7 SYSTEMPATH\CodeIgniter.php(482): CodeIgniter\CodeIgniter->runController(Object(App\Controllers\Data))
 8 SYSTEMPATH\CodeIgniter.php(351): CodeIgniter\CodeIgniter->handleRequest(null, Object(Config\Cache), false)
 9 FCPATH\index.php(67): CodeIgniter\CodeIgniter->run()
10 SYSTEMPATH\Commands\Server\rewrite.php(46): require_once('FCPATH\\index.php')
ERROR - 2023-04-11 01:39:06 --> mysqli_sql_exception: Table 'pertemuan1.zakat' doesn't exist in C:\Users\LENOVO\Desktop\UTS_Zakat-master\system\Database\MySQLi\Connection.php:292
Stack trace:
#0 C:\Users\LENOVO\Desktop\UTS_Zakat-master\system\Database\MySQLi\Connection.php(292): mysqli->query('select * from z...', 0)
#1 C:\Users\LENOVO\Desktop\UTS_Zakat-master\system\Database\BaseConnection.php(666): CodeIgniter\Database\MySQLi\Connection->execute('select * from z...')
#2 C:\Users\LENOVO\Desktop\UTS_Zakat-master\system\Database\BaseConnection.php(593): CodeIgniter\Database\BaseConnection->simpleQuery('select * from z...')
#3 C:\Users\LENOVO\Desktop\UTS_Zakat-master\app\Models\MData.php(11): CodeIgniter\Database\BaseConnection->query('select * from z...')
#4 C:\Users\LENOVO\Desktop\UTS_Zakat-master\app\Controllers\Data.php(23): App\Models\MData->getData()
#5 C:\Users\LENOVO\Desktop\UTS_Zakat-master\system\CodeIgniter.php(927): App\Controllers\Data->index()
#6 C:\Users\LENOVO\Desktop\UTS_Zakat-master\system\CodeIgniter.php(482): CodeIgniter\CodeIgniter->runController(Object(App\Controllers\Data))
#7 C:\Users\LENOVO\Desktop\UTS_Zakat-master\system\CodeIgniter.php(351): CodeIgniter\CodeIgniter->handleRequest(NULL, Object(Config\Cache), false)
#8 C:\Users\LENOVO\Desktop\UTS_Zakat-master\public\index.php(67): CodeIgniter\CodeIgniter->run()
#9 C:\Users\LENOVO\Desktop\UTS_Zakat-master\system\Commands\Server\rewrite.php(46): require_once('C:\\Users\\LENOVO...')
#10 {main}
CRITICAL - 2023-04-11 01:39:06 --> Table 'pertemuan1.zakat' doesn't exist
in SYSTEMPATH\Database\MySQLi\Connection.php on line 292.
 1 SYSTEMPATH\Database\MySQLi\Connection.php(292): mysqli->query('select * from zakat', 0)
 2 SYSTEMPATH\Database\BaseConnection.php(666): CodeIgniter\Database\MySQLi\Connection->execute('select * from zakat')
 3 SYSTEMPATH\Database\BaseConnection.php(593): CodeIgniter\Database\BaseConnection->simpleQuery('select * from zakat')
 4 APPPATH\Models\MData.php(11): CodeIgniter\Database\BaseConnection->query('select * from zakat')
 5 APPPATH\Controllers\Data.php(23): App\Models\MData->getData()
 6 SYSTEMPATH\CodeIgniter.php(927): App\Controllers\Data->index()
 7 SYSTEMPATH\CodeIgniter.php(482): CodeIgniter\CodeIgniter->runController(Object(App\Controllers\Data))
 8 SYSTEMPATH\CodeIgniter.php(351): CodeIgniter\CodeIgniter->handleRequest(null, Object(Config\Cache), false)
 9 FCPATH\index.php(67): CodeIgniter\CodeIgniter->run()
10 SYSTEMPATH\Commands\Server\rewrite.php(46): require_once('FCPATH\\index.php')
ERROR - 2023-04-11 01:43:18 --> mysqli_sql_exception: Table 'pertemuan1.zakat' doesn't exist in C:\Users\LENOVO\Desktop\UTS_Zakat-master\system\Database\MySQLi\Connection.php:292
Stack trace:
#0 C:\Users\LENOVO\Desktop\UTS_Zakat-master\system\Database\MySQLi\Connection.php(292): mysqli->query('select * from z...', 0)
#1 C:\Users\LENOVO\Desktop\UTS_Zakat-master\system\Database\BaseConnection.php(666): CodeIgniter\Database\MySQLi\Connection->execute('select * from z...')
#2 C:\Users\LENOVO\Desktop\UTS_Zakat-master\system\Database\BaseConnection.php(593): CodeIgniter\Database\BaseConnection->simpleQuery('select * from z...')
#3 C:\Users\LENOVO\Desktop\UTS_Zakat-master\app\Models\MData.php(11): CodeIgniter\Database\BaseConnection->query('select * from z...')
#4 C:\Users\LENOVO\Desktop\UTS_Zakat-master\app\Controllers\Data.php(23): App\Models\MData->getData()
#5 C:\Users\LENOVO\Desktop\UTS_Zakat-master\system\CodeIgniter.php(927): App\Controllers\Data->index()
#6 C:\Users\LENOVO\Desktop\UTS_Zakat-master\system\CodeIgniter.php(482): CodeIgniter\CodeIgniter->runController(Object(App\Controllers\Data))
#7 C:\Users\LENOVO\Desktop\UTS_Zakat-master\system\CodeIgniter.php(351): CodeIgniter\CodeIgniter->handleRequest(NULL, Object(Config\Cache), false)
#8 C:\Users\LENOVO\Desktop\UTS_Zakat-master\public\index.php(67): CodeIgniter\CodeIgniter->run()
#9 C:\Users\LENOVO\Desktop\UTS_Zakat-master\system\Commands\Server\rewrite.php(46): require_once('C:\\Users\\LENOVO...')
#10 {main}
CRITICAL - 2023-04-11 01:43:18 --> Table 'pertemuan1.zakat' doesn't exist
in SYSTEMPATH\Database\MySQLi\Connection.php on line 292.
 1 SYSTEMPATH\Database\MySQLi\Connection.php(292): mysqli->query('select * from zakat', 0)
 2 SYSTEMPATH\Database\BaseConnection.php(666): CodeIgniter\Database\MySQLi\Connection->execute('select * from zakat')
 3 SYSTEMPATH\Database\BaseConnection.php(593): CodeIgniter\Database\BaseConnection->simpleQuery('select * from zakat')
 4 APPPATH\Models\MData.php(11): CodeIgniter\Database\BaseConnection->query('select * from zakat')
 5 APPPATH\Controllers\Data.php(23): App\Models\MData->getData()
 6 SYSTEMPATH\CodeIgniter.php(927): App\Controllers\Data->index()
 7 SYSTEMPATH\CodeIgniter.php(482): CodeIgniter\CodeIgniter->runController(Object(App\Controllers\Data))
 8 SYSTEMPATH\CodeIgniter.php(351): CodeIgniter\CodeIgniter->handleRequest(null, Object(Config\Cache), false)
 9 FCPATH\index.php(67): CodeIgniter\CodeIgniter->run()
10 SYSTEMPATH\Commands\Server\rewrite.php(46): require_once('FCPATH\\index.php')
ERROR - 2023-04-11 01:43:20 --> mysqli_sql_exception: Table 'pertemuan1.zakat' doesn't exist in C:\Users\LENOVO\Desktop\UTS_Zakat-master\system\Database\MySQLi\Connection.php:292
Stack trace:
#0 C:\Users\LENOVO\Desktop\UTS_Zakat-master\system\Database\MySQLi\Connection.php(292): mysqli->query('select * from z...', 0)
#1 C:\Users\LENOVO\Desktop\UTS_Zakat-master\system\Database\BaseConnection.php(666): CodeIgniter\Database\MySQLi\Connection->execute('select * from z...')
#2 C:\Users\LENOVO\Desktop\UTS_Zakat-master\system\Database\BaseConnection.php(593): CodeIgniter\Database\BaseConnection->simpleQuery('select * from z...')
#3 C:\Users\LENOVO\Desktop\UTS_Zakat-master\app\Models\MData.php(11): CodeIgniter\Database\BaseConnection->query('select * from z...')
#4 C:\Users\LENOVO\Desktop\UTS_Zakat-master\app\Controllers\Data.php(23): App\Models\MData->getData()
#5 C:\Users\LENOVO\Desktop\UTS_Zakat-master\system\CodeIgniter.php(927): App\Controllers\Data->index()
#6 C:\Users\LENOVO\Desktop\UTS_Zakat-master\system\CodeIgniter.php(482): CodeIgniter\CodeIgniter->runController(Object(App\Controllers\Data))
#7 C:\Users\LENOVO\Desktop\UTS_Zakat-master\system\CodeIgniter.php(351): CodeIgniter\CodeIgniter->handleRequest(NULL, Object(Config\Cache), false)
#8 C:\Users\LENOVO\Desktop\UTS_Zakat-master\public\index.php(67): CodeIgniter\CodeIgniter->run()
#9 C:\Users\LENOVO\Desktop\UTS_Zakat-master\system\Commands\Server\rewrite.php(46): require_once('C:\\Users\\LENOVO...')
#10 {main}
CRITICAL - 2023-04-11 01:43:20 --> Table 'pertemuan1.zakat' doesn't exist
in SYSTEMPATH\Database\MySQLi\Connection.php on line 292.
 1 SYSTEMPATH\Database\MySQLi\Connection.php(292): mysqli->query('select * from zakat', 0)
 2 SYSTEMPATH\Database\BaseConnection.php(666): CodeIgniter\Database\MySQLi\Connection->execute('select * from zakat')
 3 SYSTEMPATH\Database\BaseConnection.php(593): CodeIgniter\Database\BaseConnection->simpleQuery('select * from zakat')
 4 APPPATH\Models\MData.php(11): CodeIgniter\Database\BaseConnection->query('select * from zakat')
 5 APPPATH\Controllers\Data.php(23): App\Models\MData->getData()
 6 SYSTEMPATH\CodeIgniter.php(927): App\Controllers\Data->index()
 7 SYSTEMPATH\CodeIgniter.php(482): CodeIgniter\CodeIgniter->runController(Object(App\Controllers\Data))
 8 SYSTEMPATH\CodeIgniter.php(351): CodeIgniter\CodeIgniter->handleRequest(null, Object(Config\Cache), false)
 9 FCPATH\index.php(67): CodeIgniter\CodeIgniter->run()
10 SYSTEMPATH\Commands\Server\rewrite.php(46): require_once('FCPATH\\index.php')
ERROR - 2023-04-11 01:43:43 --> mysqli_sql_exception: Table 'pertemuan1.zakat' doesn't exist in C:\Users\LENOVO\Desktop\UTS_Zakat-master\system\Database\MySQLi\Connection.php:292
Stack trace:
#0 C:\Users\LENOVO\Desktop\UTS_Zakat-master\system\Database\MySQLi\Connection.php(292): mysqli->query('select * from z...', 0)
#1 C:\Users\LENOVO\Desktop\UTS_Zakat-master\system\Database\BaseConnection.php(666): CodeIgniter\Database\MySQLi\Connection->execute('select * from z...')
#2 C:\Users\LENOVO\Desktop\UTS_Zakat-master\system\Database\BaseConnection.php(593): CodeIgniter\Database\BaseConnection->simpleQuery('select * from z...')
#3 C:\Users\LENOVO\Desktop\UTS_Zakat-master\app\Models\MData.php(11): CodeIgniter\Database\BaseConnection->query('select * from z...')
#4 C:\Users\LENOVO\Desktop\UTS_Zakat-master\app\Controllers\Data.php(23): App\Models\MData->getData()
#5 C:\Users\LENOVO\Desktop\UTS_Zakat-master\system\CodeIgniter.php(927): App\Controllers\Data->index()
#6 C:\Users\LENOVO\Desktop\UTS_Zakat-master\system\CodeIgniter.php(482): CodeIgniter\CodeIgniter->runController(Object(App\Controllers\Data))
#7 C:\Users\LENOVO\Desktop\UTS_Zakat-master\system\CodeIgniter.php(351): CodeIgniter\CodeIgniter->handleRequest(NULL, Object(Config\Cache), false)
#8 C:\Users\LENOVO\Desktop\UTS_Zakat-master\public\index.php(67): CodeIgniter\CodeIgniter->run()
#9 C:\Users\LENOVO\Desktop\UTS_Zakat-master\system\Commands\Server\rewrite.php(46): require_once('C:\\Users\\LENOVO...')
#10 {main}
CRITICAL - 2023-04-11 01:43:43 --> Table 'pertemuan1.zakat' doesn't exist
in SYSTEMPATH\Database\MySQLi\Connection.php on line 292.
 1 SYSTEMPATH\Database\MySQLi\Connection.php(292): mysqli->query('select * from zakat', 0)
 2 SYSTEMPATH\Database\BaseConnection.php(666): CodeIgniter\Database\MySQLi\Connection->execute('select * from zakat')
 3 SYSTEMPATH\Database\BaseConnection.php(593): CodeIgniter\Database\BaseConnection->simpleQuery('select * from zakat')
 4 APPPATH\Models\MData.php(11): CodeIgniter\Database\BaseConnection->query('select * from zakat')
 5 APPPATH\Controllers\Data.php(23): App\Models\MData->getData()
 6 SYSTEMPATH\CodeIgniter.php(927): App\Controllers\Data->index()
 7 SYSTEMPATH\CodeIgniter.php(482): CodeIgniter\CodeIgniter->runController(Object(App\Controllers\Data))
 8 SYSTEMPATH\CodeIgniter.php(351): CodeIgniter\CodeIgniter->handleRequest(null, Object(Config\Cache), false)
 9 FCPATH\index.php(67): CodeIgniter\CodeIgniter->run()
10 SYSTEMPATH\Commands\Server\rewrite.php(46): require_once('FCPATH\\index.php')
ERROR - 2023-04-11 01:45:45 --> mysqli_sql_exception: Table 'pertemuan1.zakat' doesn't exist in C:\Users\LENOVO\Desktop\UTS_Zakat-master\system\Database\MySQLi\Connection.php:292
Stack trace:
#0 C:\Users\LENOVO\Desktop\UTS_Zakat-master\system\Database\MySQLi\Connection.php(292): mysqli->query('select * from z...', 0)
#1 C:\Users\LENOVO\Desktop\UTS_Zakat-master\system\Database\BaseConnection.php(666): CodeIgniter\Database\MySQLi\Connection->execute('select * from z...')
#2 C:\Users\LENOVO\Desktop\UTS_Zakat-master\system\Database\BaseConnection.php(593): CodeIgniter\Database\BaseConnection->simpleQuery('select * from z...')
#3 C:\Users\LENOVO\Desktop\UTS_Zakat-master\app\Models\MData.php(11): CodeIgniter\Database\BaseConnection->query('select * from z...')
#4 C:\Users\LENOVO\Desktop\UTS_Zakat-master\app\Controllers\Data.php(23): App\Models\MData->getData()
#5 C:\Users\LENOVO\Desktop\UTS_Zakat-master\system\CodeIgniter.php(927): App\Controllers\Data->index()
#6 C:\Users\LENOVO\Desktop\UTS_Zakat-master\system\CodeIgniter.php(482): CodeIgniter\CodeIgniter->runController(Object(App\Controllers\Data))
#7 C:\Users\LENOVO\Desktop\UTS_Zakat-master\system\CodeIgniter.php(351): CodeIgniter\CodeIgniter->handleRequest(NULL, Object(Config\Cache), false)
#8 C:\Users\LENOVO\Desktop\UTS_Zakat-master\public\index.php(67): CodeIgniter\CodeIgniter->run()
#9 C:\Users\LENOVO\Desktop\UTS_Zakat-master\system\Commands\Server\rewrite.php(46): require_once('C:\\Users\\LENOVO...')
#10 {main}
CRITICAL - 2023-04-11 01:45:45 --> Table 'pertemuan1.zakat' doesn't exist
in SYSTEMPATH\Database\MySQLi\Connection.php on line 292.
 1 SYSTEMPATH\Database\MySQLi\Connection.php(292): mysqli->query('select * from zakat', 0)
 2 SYSTEMPATH\Database\BaseConnection.php(666): CodeIgniter\Database\MySQLi\Connection->execute('select * from zakat')
 3 SYSTEMPATH\Database\BaseConnection.php(593): CodeIgniter\Database\BaseConnection->simpleQuery('select * from zakat')
 4 APPPATH\Models\MData.php(11): CodeIgniter\Database\BaseConnection->query('select * from zakat')
 5 APPPATH\Controllers\Data.php(23): App\Models\MData->getData()
 6 SYSTEMPATH\CodeIgniter.php(927): App\Controllers\Data->index()
 7 SYSTEMPATH\CodeIgniter.php(482): CodeIgniter\CodeIgniter->runController(Object(App\Controllers\Data))
 8 SYSTEMPATH\CodeIgniter.php(351): CodeIgniter\CodeIgniter->handleRequest(null, Object(Config\Cache), false)
 9 FCPATH\index.php(67): CodeIgniter\CodeIgniter->run()
10 SYSTEMPATH\Commands\Server\rewrite.php(46): require_once('FCPATH\\index.php')
ERROR - 2023-04-11 01:58:49 --> mysqli_sql_exception: Table 'pertemuan1.zakat' doesn't exist in C:\Users\LENOVO\Desktop\UTS_Zakat-master\system\Database\MySQLi\Connection.php:292
Stack trace:
#0 C:\Users\LENOVO\Desktop\UTS_Zakat-master\system\Database\MySQLi\Connection.php(292): mysqli->query('select * from z...', 0)
#1 C:\Users\LENOVO\Desktop\UTS_Zakat-master\system\Database\BaseConnection.php(666): CodeIgniter\Database\MySQLi\Connection->execute('select * from z...')
#2 C:\Users\LENOVO\Desktop\UTS_Zakat-master\system\Database\BaseConnection.php(593): CodeIgniter\Database\BaseConnection->simpleQuery('select * from z...')
#3 C:\Users\LENOVO\Desktop\UTS_Zakat-master\app\Models\MData.php(11): CodeIgniter\Database\BaseConnection->query('select * from z...')
#4 C:\Users\LENOVO\Desktop\UTS_Zakat-master\app\Controllers\Data.php(23): App\Models\MData->getData()
#5 C:\Users\LENOVO\Desktop\UTS_Zakat-master\system\CodeIgniter.php(927): App\Controllers\Data->index()
#6 C:\Users\LENOVO\Desktop\UTS_Zakat-master\system\CodeIgniter.php(482): CodeIgniter\CodeIgniter->runController(Object(App\Controllers\Data))
#7 C:\Users\LENOVO\Desktop\UTS_Zakat-master\system\CodeIgniter.php(351): CodeIgniter\CodeIgniter->handleRequest(NULL, Object(Config\Cache), false)
#8 C:\Users\LENOVO\Desktop\UTS_Zakat-master\public\index.php(67): CodeIgniter\CodeIgniter->run()
#9 C:\Users\LENOVO\Desktop\UTS_Zakat-master\system\Commands\Server\rewrite.php(46): require_once('C:\\Users\\LENOVO...')
#10 {main}
CRITICAL - 2023-04-11 01:58:49 --> Table 'pertemuan1.zakat' doesn't exist
in SYSTEMPATH\Database\MySQLi\Connection.php on line 292.
 1 SYSTEMPATH\Database\MySQLi\Connection.php(292): mysqli->query('select * from zakat', 0)
 2 SYSTEMPATH\Database\BaseConnection.php(666): CodeIgniter\Database\MySQLi\Connection->execute('select * from zakat')
 3 SYSTEMPATH\Database\BaseConnection.php(593): CodeIgniter\Database\BaseConnection->simpleQuery('select * from zakat')
 4 APPPATH\Models\MData.php(11): CodeIgniter\Database\BaseConnection->query('select * from zakat')
 5 APPPATH\Controllers\Data.php(23): App\Models\MData->getData()
 6 SYSTEMPATH\CodeIgniter.php(927): App\Controllers\Data->index()
 7 SYSTEMPATH\CodeIgniter.php(482): CodeIgniter\CodeIgniter->runController(Object(App\Controllers\Data))
 8 SYSTEMPATH\CodeIgniter.php(351): CodeIgniter\CodeIgniter->handleRequest(null, Object(Config\Cache), false)
 9 FCPATH\index.php(67): CodeIgniter\CodeIgniter->run()
10 SYSTEMPATH\Commands\Server\rewrite.php(46): require_once('FCPATH\\index.php')
ERROR - 2023-04-11 02:01:01 --> mysqli_sql_exception: Table 'pertemuan1.zakat' doesn't exist in C:\Users\LENOVO\Desktop\UTS_Zakat-master\system\Database\MySQLi\Connection.php:292
Stack trace:
#0 C:\Users\LENOVO\Desktop\UTS_Zakat-master\system\Database\MySQLi\Connection.php(292): mysqli->query('select * from z...', 0)
#1 C:\Users\LENOVO\Desktop\UTS_Zakat-master\system\Database\BaseConnection.php(666): CodeIgniter\Database\MySQLi\Connection->execute('select * from z...')
#2 C:\Users\LENOVO\Desktop\UTS_Zakat-master\system\Database\BaseConnection.php(593): CodeIgniter\Database\BaseConnection->simpleQuery('select * from z...')
#3 C:\Users\LENOVO\Desktop\UTS_Zakat-master\app\Models\MData.php(11): CodeIgniter\Database\BaseConnection->query('select * from z...')
#4 C:\Users\LENOVO\Desktop\UTS_Zakat-master\app\Controllers\Data.php(23): App\Models\MData->getData()
#5 C:\Users\LENOVO\Desktop\UTS_Zakat-master\system\CodeIgniter.php(927): App\Controllers\Data->index()
#6 C:\Users\LENOVO\Desktop\UTS_Zakat-master\system\CodeIgniter.php(482): CodeIgniter\CodeIgniter->runController(Object(App\Controllers\Data))
#7 C:\Users\LENOVO\Desktop\UTS_Zakat-master\system\CodeIgniter.php(351): CodeIgniter\CodeIgniter->handleRequest(NULL, Object(Config\Cache), false)
#8 C:\Users\LENOVO\Desktop\UTS_Zakat-master\public\index.php(67): CodeIgniter\CodeIgniter->run()
#9 C:\Users\LENOVO\Desktop\UTS_Zakat-master\system\Commands\Server\rewrite.php(46): require_once('C:\\Users\\LENOVO...')
#10 {main}
CRITICAL - 2023-04-11 02:01:01 --> Table 'pertemuan1.zakat' doesn't exist
in SYSTEMPATH\Database\MySQLi\Connection.php on line 292.
 1 SYSTEMPATH\Database\MySQLi\Connection.php(292): mysqli->query('select * from zakat', 0)
 2 SYSTEMPATH\Database\BaseConnection.php(666): CodeIgniter\Database\MySQLi\Connection->execute('select * from zakat')
 3 SYSTEMPATH\Database\BaseConnection.php(593): CodeIgniter\Database\BaseConnection->simpleQuery('select * from zakat')
 4 APPPATH\Models\MData.php(11): CodeIgniter\Database\BaseConnection->query('select * from zakat')
 5 APPPATH\Controllers\Data.php(23): App\Models\MData->getData()
 6 SYSTEMPATH\CodeIgniter.php(927): App\Controllers\Data->index()
 7 SYSTEMPATH\CodeIgniter.php(482): CodeIgniter\CodeIgniter->runController(Object(App\Controllers\Data))
 8 SYSTEMPATH\CodeIgniter.php(351): CodeIgniter\CodeIgniter->handleRequest(null, Object(Config\Cache), false)
 9 FCPATH\index.php(67): CodeIgniter\CodeIgniter->run()
10 SYSTEMPATH\Commands\Server\rewrite.php(46): require_once('FCPATH\\index.php')
ERROR - 2023-04-11 02:02:37 --> mysqli_sql_exception: Table 'pertemuan1.zakat' doesn't exist in C:\Users\LENOVO\Desktop\UTS_Zakat-master\system\Database\MySQLi\Connection.php:292
Stack trace:
#0 C:\Users\LENOVO\Desktop\UTS_Zakat-master\system\Database\MySQLi\Connection.php(292): mysqli->query('select * from z...', 0)
#1 C:\Users\LENOVO\Desktop\UTS_Zakat-master\system\Database\BaseConnection.php(666): CodeIgniter\Database\MySQLi\Connection->execute('select * from z...')
#2 C:\Users\LENOVO\Desktop\UTS_Zakat-master\system\Database\BaseConnection.php(593): CodeIgniter\Database\BaseConnection->simpleQuery('select * from z...')
#3 C:\Users\LENOVO\Desktop\UTS_Zakat-master\app\Models\MData.php(11): CodeIgniter\Database\BaseConnection->query('select * from z...')
#4 C:\Users\LENOVO\Desktop\UTS_Zakat-master\app\Controllers\Data.php(23): App\Models\MData->getData()
#5 C:\Users\LENOVO\Desktop\UTS_Zakat-master\system\CodeIgniter.php(927): App\Controllers\Data->index()
#6 C:\Users\LENOVO\Desktop\UTS_Zakat-master\system\CodeIgniter.php(482): CodeIgniter\CodeIgniter->runController(Object(App\Controllers\Data))
#7 C:\Users\LENOVO\Desktop\UTS_Zakat-master\system\CodeIgniter.php(351): CodeIgniter\CodeIgniter->handleRequest(NULL, Object(Config\Cache), false)
#8 C:\Users\LENOVO\Desktop\UTS_Zakat-master\public\index.php(67): CodeIgniter\CodeIgniter->run()
#9 C:\Users\LENOVO\Desktop\UTS_Zakat-master\system\Commands\Server\rewrite.php(46): require_once('C:\\Users\\LENOVO...')
#10 {main}
CRITICAL - 2023-04-11 02:02:37 --> Table 'pertemuan1.zakat' doesn't exist
in SYSTEMPATH\Database\MySQLi\Connection.php on line 292.
 1 SYSTEMPATH\Database\MySQLi\Connection.php(292): mysqli->query('select * from zakat', 0)
 2 SYSTEMPATH\Database\BaseConnection.php(666): CodeIgniter\Database\MySQLi\Connection->execute('select * from zakat')
 3 SYSTEMPATH\Database\BaseConnection.php(593): CodeIgniter\Database\BaseConnection->simpleQuery('select * from zakat')
 4 APPPATH\Models\MData.php(11): CodeIgniter\Database\BaseConnection->query('select * from zakat')
 5 APPPATH\Controllers\Data.php(23): App\Models\MData->getData()
 6 SYSTEMPATH\CodeIgniter.php(927): App\Controllers\Data->index()
 7 SYSTEMPATH\CodeIgniter.php(482): CodeIgniter\CodeIgniter->runController(Object(App\Controllers\Data))
 8 SYSTEMPATH\CodeIgniter.php(351): CodeIgniter\CodeIgniter->handleRequest(null, Object(Config\Cache), false)
 9 FCPATH\index.php(67): CodeIgniter\CodeIgniter->run()
10 SYSTEMPATH\Commands\Server\rewrite.php(46): require_once('FCPATH\\index.php')
ERROR - 2023-04-11 02:03:58 --> mysqli_sql_exception: Table 'pertemuan1.zakat' doesn't exist in C:\Users\LENOVO\Desktop\UTS_Zakat-master\system\Database\MySQLi\Connection.php:292
Stack trace:
#0 C:\Users\LENOVO\Desktop\UTS_Zakat-master\system\Database\MySQLi\Connection.php(292): mysqli->query('select * from z...', 0)
#1 C:\Users\LENOVO\Desktop\UTS_Zakat-master\system\Database\BaseConnection.php(666): CodeIgniter\Database\MySQLi\Connection->execute('select * from z...')
#2 C:\Users\LENOVO\Desktop\UTS_Zakat-master\system\Database\BaseConnection.php(593): CodeIgniter\Database\BaseConnection->simpleQuery('select * from z...')
#3 C:\Users\LENOVO\Desktop\UTS_Zakat-master\app\Models\MData.php(11): CodeIgniter\Database\BaseConnection->query('select * from z...')
#4 C:\Users\LENOVO\Desktop\UTS_Zakat-master\app\Controllers\Data.php(23): App\Models\MData->getData()
#5 C:\Users\LENOVO\Desktop\UTS_Zakat-master\system\CodeIgniter.php(927): App\Controllers\Data->index()
#6 C:\Users\LENOVO\Desktop\UTS_Zakat-master\system\CodeIgniter.php(482): CodeIgniter\CodeIgniter->runController(Object(App\Controllers\Data))
#7 C:\Users\LENOVO\Desktop\UTS_Zakat-master\system\CodeIgniter.php(351): CodeIgniter\CodeIgniter->handleRequest(NULL, Object(Config\Cache), false)
#8 C:\Users\LENOVO\Desktop\UTS_Zakat-master\public\index.php(67): CodeIgniter\CodeIgniter->run()
#9 C:\Users\LENOVO\Desktop\UTS_Zakat-master\system\Commands\Server\rewrite.php(46): require_once('C:\\Users\\LENOVO...')
#10 {main}
CRITICAL - 2023-04-11 02:03:58 --> Table 'pertemuan1.zakat' doesn't exist
in SYSTEMPATH\Database\MySQLi\Connection.php on line 292.
 1 SYSTEMPATH\Database\MySQLi\Connection.php(292): mysqli->query('select * from zakat', 0)
 2 SYSTEMPATH\Database\BaseConnection.php(666): CodeIgniter\Database\MySQLi\Connection->execute('select * from zakat')
 3 SYSTEMPATH\Database\BaseConnection.php(593): CodeIgniter\Database\BaseConnection->simpleQuery('select * from zakat')
 4 APPPATH\Models\MData.php(11): CodeIgniter\Database\BaseConnection->query('select * from zakat')
 5 APPPATH\Controllers\Data.php(23): App\Models\MData->getData()
 6 SYSTEMPATH\CodeIgniter.php(927): App\Controllers\Data->index()
 7 SYSTEMPATH\CodeIgniter.php(482): CodeIgniter\CodeIgniter->runController(Object(App\Controllers\Data))
 8 SYSTEMPATH\CodeIgniter.php(351): CodeIgniter\CodeIgniter->handleRequest(null, Object(Config\Cache), false)
 9 FCPATH\index.php(67): CodeIgniter\CodeIgniter->run()
10 SYSTEMPATH\Commands\Server\rewrite.php(46): require_once('FCPATH\\index.php')
ERROR - 2023-04-11 02:05:16 --> mysqli_sql_exception: Table 'pertemuan1.zakat' doesn't exist in C:\Users\LENOVO\Desktop\UTS_Zakat-master\system\Database\MySQLi\Connection.php:292
Stack trace:
#0 C:\Users\LENOVO\Desktop\UTS_Zakat-master\system\Database\MySQLi\Connection.php(292): mysqli->query('select * from z...', 0)
#1 C:\Users\LENOVO\Desktop\UTS_Zakat-master\system\Database\BaseConnection.php(666): CodeIgniter\Database\MySQLi\Connection->execute('select * from z...')
#2 C:\Users\LENOVO\Desktop\UTS_Zakat-master\system\Database\BaseConnection.php(593): CodeIgniter\Database\BaseConnection->simpleQuery('select * from z...')
#3 C:\Users\LENOVO\Desktop\UTS_Zakat-master\app\Models\MData.php(11): CodeIgniter\Database\BaseConnection->query('select * from z...')
#4 C:\Users\LENOVO\Desktop\UTS_Zakat-master\app\Controllers\Data.php(23): App\Models\MData->getData()
#5 C:\Users\LENOVO\Desktop\UTS_Zakat-master\system\CodeIgniter.php(927): App\Controllers\Data->index()
#6 C:\Users\LENOVO\Desktop\UTS_Zakat-master\system\CodeIgniter.php(482): CodeIgniter\CodeIgniter->runController(Object(App\Controllers\Data))
#7 C:\Users\LENOVO\Desktop\UTS_Zakat-master\system\CodeIgniter.php(351): CodeIgniter\CodeIgniter->handleRequest(NULL, Object(Config\Cache), false)
#8 C:\Users\LENOVO\Desktop\UTS_Zakat-master\public\index.php(67): CodeIgniter\CodeIgniter->run()
#9 C:\Users\LENOVO\Desktop\UTS_Zakat-master\system\Commands\Server\rewrite.php(46): require_once('C:\\Users\\LENOVO...')
#10 {main}
CRITICAL - 2023-04-11 02:05:16 --> Table 'pertemuan1.zakat' doesn't exist
in SYSTEMPATH\Database\MySQLi\Connection.php on line 292.
 1 SYSTEMPATH\Database\MySQLi\Connection.php(292): mysqli->query('select * from zakat', 0)
 2 SYSTEMPATH\Database\BaseConnection.php(666): CodeIgniter\Database\MySQLi\Connection->execute('select * from zakat')
 3 SYSTEMPATH\Database\BaseConnection.php(593): CodeIgniter\Database\BaseConnection->simpleQuery('select * from zakat')
 4 APPPATH\Models\MData.php(11): CodeIgniter\Database\BaseConnection->query('select * from zakat')
 5 APPPATH\Controllers\Data.php(23): App\Models\MData->getData()
 6 SYSTEMPATH\CodeIgniter.php(927): App\Controllers\Data->index()
 7 SYSTEMPATH\CodeIgniter.php(482): CodeIgniter\CodeIgniter->runController(Object(App\Controllers\Data))
 8 SYSTEMPATH\CodeIgniter.php(351): CodeIgniter\CodeIgniter->handleRequest(null, Object(Config\Cache), false)
 9 FCPATH\index.php(67): CodeIgniter\CodeIgniter->run()
10 SYSTEMPATH\Commands\Server\rewrite.php(46): require_once('FCPATH\\index.php')
ERROR - 2023-04-11 02:06:02 --> mysqli_sql_exception: Table 'pertemuan1.zakat' doesn't exist in C:\Users\LENOVO\Desktop\UTS_Zakat-master\system\Database\MySQLi\Connection.php:292
Stack trace:
#0 C:\Users\LENOVO\Desktop\UTS_Zakat-master\system\Database\MySQLi\Connection.php(292): mysqli->query('select * from z...', 0)
#1 C:\Users\LENOVO\Desktop\UTS_Zakat-master\system\Database\BaseConnection.php(666): CodeIgniter\Database\MySQLi\Connection->execute('select * from z...')
#2 C:\Users\LENOVO\Desktop\UTS_Zakat-master\system\Database\BaseConnection.php(593): CodeIgniter\Database\BaseConnection->simpleQuery('select * from z...')
#3 C:\Users\LENOVO\Desktop\UTS_Zakat-master\app\Models\MData.php(11): CodeIgniter\Database\BaseConnection->query('select * from z...')
#4 C:\Users\LENOVO\Desktop\UTS_Zakat-master\app\Controllers\Data.php(23): App\Models\MData->getData()
#5 C:\Users\LENOVO\Desktop\UTS_Zakat-master\system\CodeIgniter.php(927): App\Controllers\Data->index()
#6 C:\Users\LENOVO\Desktop\UTS_Zakat-master\system\CodeIgniter.php(482): CodeIgniter\CodeIgniter->runController(Object(App\Controllers\Data))
#7 C:\Users\LENOVO\Desktop\UTS_Zakat-master\system\CodeIgniter.php(351): CodeIgniter\CodeIgniter->handleRequest(NULL, Object(Config\Cache), false)
#8 C:\Users\LENOVO\Desktop\UTS_Zakat-master\public\index.php(67): CodeIgniter\CodeIgniter->run()
#9 C:\Users\LENOVO\Desktop\UTS_Zakat-master\system\Commands\Server\rewrite.php(46): require_once('C:\\Users\\LENOVO...')
#10 {main}
CRITICAL - 2023-04-11 02:06:02 --> Table 'pertemuan1.zakat' doesn't exist
in SYSTEMPATH\Database\MySQLi\Connection.php on line 292.
 1 SYSTEMPATH\Database\MySQLi\Connection.php(292): mysqli->query('select * from zakat', 0)
 2 SYSTEMPATH\Database\BaseConnection.php(666): CodeIgniter\Database\MySQLi\Connection->execute('select * from zakat')
 3 SYSTEMPATH\Database\BaseConnection.php(593): CodeIgniter\Database\BaseConnection->simpleQuery('select * from zakat')
 4 APPPATH\Models\MData.php(11): CodeIgniter\Database\BaseConnection->query('select * from zakat')
 5 APPPATH\Controllers\Data.php(23): App\Models\MData->getData()
 6 SYSTEMPATH\CodeIgniter.php(927): App\Controllers\Data->index()
 7 SYSTEMPATH\CodeIgniter.php(482): CodeIgniter\CodeIgniter->runController(Object(App\Controllers\Data))
 8 SYSTEMPATH\CodeIgniter.php(351): CodeIgniter\CodeIgniter->handleRequest(null, Object(Config\Cache), false)
 9 FCPATH\index.php(67): CodeIgniter\CodeIgniter->run()
10 SYSTEMPATH\Commands\Server\rewrite.php(46): require_once('FCPATH\\index.php')
ERROR - 2023-04-11 02:09:50 --> mysqli_sql_exception: Table 'pertemuan1.zakat' doesn't exist in C:\Users\LENOVO\Desktop\UTS_Zakat-master\system\Database\MySQLi\Connection.php:292
Stack trace:
#0 C:\Users\LENOVO\Desktop\UTS_Zakat-master\system\Database\MySQLi\Connection.php(292): mysqli->query('select * from z...', 0)
#1 C:\Users\LENOVO\Desktop\UTS_Zakat-master\system\Database\BaseConnection.php(666): CodeIgniter\Database\MySQLi\Connection->execute('select * from z...')
#2 C:\Users\LENOVO\Desktop\UTS_Zakat-master\system\Database\BaseConnection.php(593): CodeIgniter\Database\BaseConnection->simpleQuery('select * from z...')
#3 C:\Users\LENOVO\Desktop\UTS_Zakat-master\app\Models\MData.php(11): CodeIgniter\Database\BaseConnection->query('select * from z...')
#4 C:\Users\LENOVO\Desktop\UTS_Zakat-master\app\Controllers\Data.php(23): App\Models\MData->getData()
#5 C:\Users\LENOVO\Desktop\UTS_Zakat-master\system\CodeIgniter.php(927): App\Controllers\Data->index()
#6 C:\Users\LENOVO\Desktop\UTS_Zakat-master\system\CodeIgniter.php(482): CodeIgniter\CodeIgniter->runController(Object(App\Controllers\Data))
#7 C:\Users\LENOVO\Desktop\UTS_Zakat-master\system\CodeIgniter.php(351): CodeIgniter\CodeIgniter->handleRequest(NULL, Object(Config\Cache), false)
#8 C:\Users\LENOVO\Desktop\UTS_Zakat-master\public\index.php(67): CodeIgniter\CodeIgniter->run()
#9 C:\Users\LENOVO\Desktop\UTS_Zakat-master\system\Commands\Server\rewrite.php(46): require_once('C:\\Users\\LENOVO...')
#10 {main}
CRITICAL - 2023-04-11 02:09:50 --> Table 'pertemuan1.zakat' doesn't exist
in SYSTEMPATH\Database\MySQLi\Connection.php on line 292.
 1 SYSTEMPATH\Database\MySQLi\Connection.php(292): mysqli->query('select * from zakat', 0)
 2 SYSTEMPATH\Database\BaseConnection.php(666): CodeIgniter\Database\MySQLi\Connection->execute('select * from zakat')
 3 SYSTEMPATH\Database\BaseConnection.php(593): CodeIgniter\Database\BaseConnection->simpleQuery('select * from zakat')
 4 APPPATH\Models\MData.php(11): CodeIgniter\Database\BaseConnection->query('select * from zakat')
 5 APPPATH\Controllers\Data.php(23): App\Models\MData->getData()
 6 SYSTEMPATH\CodeIgniter.php(927): App\Controllers\Data->index()
 7 SYSTEMPATH\CodeIgniter.php(482): CodeIgniter\CodeIgniter->runController(Object(App\Controllers\Data))
 8 SYSTEMPATH\CodeIgniter.php(351): CodeIgniter\CodeIgniter->handleRequest(null, Object(Config\Cache), false)
 9 FCPATH\index.php(67): CodeIgniter\CodeIgniter->run()
10 SYSTEMPATH\Commands\Server\rewrite.php(46): require_once('FCPATH\\index.php')
ERROR - 2023-04-11 02:11:31 --> mysqli_sql_exception: Table 'pertemuan1.zakat' doesn't exist in C:\Users\LENOVO\Desktop\UTS_Zakat-master\system\Database\MySQLi\Connection.php:292
Stack trace:
#0 C:\Users\LENOVO\Desktop\UTS_Zakat-master\system\Database\MySQLi\Connection.php(292): mysqli->query('select * from z...', 0)
#1 C:\Users\LENOVO\Desktop\UTS_Zakat-master\system\Database\BaseConnection.php(666): CodeIgniter\Database\MySQLi\Connection->execute('select * from z...')
#2 C:\Users\LENOVO\Desktop\UTS_Zakat-master\system\Database\BaseConnection.php(593): CodeIgniter\Database\BaseConnection->simpleQuery('select * from z...')
#3 C:\Users\LENOVO\Desktop\UTS_Zakat-master\app\Models\MData.php(11): CodeIgniter\Database\BaseConnection->query('select * from z...')
#4 C:\Users\LENOVO\Desktop\UTS_Zakat-master\app\Controllers\Data.php(23): App\Models\MData->getData()
#5 C:\Users\LENOVO\Desktop\UTS_Zakat-master\system\CodeIgniter.php(927): App\Controllers\Data->index()
#6 C:\Users\LENOVO\Desktop\UTS_Zakat-master\system\CodeIgniter.php(482): CodeIgniter\CodeIgniter->runController(Object(App\Controllers\Data))
#7 C:\Users\LENOVO\Desktop\UTS_Zakat-master\system\CodeIgniter.php(351): CodeIgniter\CodeIgniter->handleRequest(NULL, Object(Config\Cache), false)
#8 C:\Users\LENOVO\Desktop\UTS_Zakat-master\public\index.php(67): CodeIgniter\CodeIgniter->run()
#9 C:\Users\LENOVO\Desktop\UTS_Zakat-master\system\Commands\Server\rewrite.php(46): require_once('C:\\Users\\LENOVO...')
#10 {main}
CRITICAL - 2023-04-11 02:11:31 --> Table 'pertemuan1.zakat' doesn't exist
in SYSTEMPATH\Database\MySQLi\Connection.php on line 292.
 1 SYSTEMPATH\Database\MySQLi\Connection.php(292): mysqli->query('select * from zakat', 0)
 2 SYSTEMPATH\Database\BaseConnection.php(666): CodeIgniter\Database\MySQLi\Connection->execute('select * from zakat')
 3 SYSTEMPATH\Database\BaseConnection.php(593): CodeIgniter\Database\BaseConnection->simpleQuery('select * from zakat')
 4 APPPATH\Models\MData.php(11): CodeIgniter\Database\BaseConnection->query('select * from zakat')
 5 APPPATH\Controllers\Data.php(23): App\Models\MData->getData()
 6 SYSTEMPATH\CodeIgniter.php(927): App\Controllers\Data->index()
 7 SYSTEMPATH\CodeIgniter.php(482): CodeIgniter\CodeIgniter->runController(Object(App\Controllers\Data))
 8 SYSTEMPATH\CodeIgniter.php(351): CodeIgniter\CodeIgniter->handleRequest(null, Object(Config\Cache), false)
 9 FCPATH\index.php(67): CodeIgniter\CodeIgniter->run()
10 SYSTEMPATH\Commands\Server\rewrite.php(46): require_once('FCPATH\\index.php')
